This is XeTeX, Version 3.14159265-2.6-0.999991 (TeX Live 2019/W32TeX) (preloaded format=xelatex 2020.2.17)  17 FEB 2020 05:55
entering extended mode
 restricted \write18 enabled.
 %&-line parsing enabled.
**data-sci.tex
(./data-sci.tex
LaTeX2e <2020-02-02> patch level 2
L3 programming layer <2020-02-14> (c:/Users/mpfol/AppData/Roaming/TinyTeX/texmf
-dist/tex/latex/base/book.cls
Document Class: book 2019/12/20 v1.4l Standard LaTeX document class
(c:/Users/mpfol/AppData/Roaming/TinyTeX/texmf-dist/tex/latex/base/bk10.clo
File: bk10.clo 2019/12/20 v1.4l Standard LaTeX file (size option)
)
\c@part=\count163
\c@chapter=\count164
\c@section=\count165
\c@subsection=\count166
\c@subsubsection=\count167
\c@paragraph=\count168
\c@subparagraph=\count169
\c@figure=\count170
\c@table=\count171
\abovecaptionskip=\skip47
\belowcaptionskip=\skip48
\bibindent=\dimen134
) (c:/Users/mpfol/AppData/Roaming/TinyTeX/texmf-dist/tex/latex/lm/lmodern.sty
Package: lmodern 2009/10/30 v1.6 Latin Modern Fonts
LaTeX Font Info:    Overwriting symbol font `operators' in version `normal'
(Font)                  OT1/cmr/m/n --> OT1/lmr/m/n on input line 22.
LaTeX Font Info:    Overwriting symbol font `letters' in version `normal'
(Font)                  OML/cmm/m/it --> OML/lmm/m/it on input line 23.
LaTeX Font Info:    Overwriting symbol font `symbols' in version `normal'
(Font)                  OMS/cmsy/m/n --> OMS/lmsy/m/n on input line 24.
LaTeX Font Info:    Overwriting symbol font `largesymbols' in version `normal'
(Font)                  OMX/cmex/m/n --> OMX/lmex/m/n on input line 25.
LaTeX Font Info:    Overwriting symbol font `operators' in version `bold'
(Font)                  OT1/cmr/bx/n --> OT1/lmr/bx/n on input line 26.
LaTeX Font Info:    Overwriting symbol font `letters' in version `bold'
(Font)                  OML/cmm/b/it --> OML/lmm/b/it on input line 27.
LaTeX Font Info:    Overwriting symbol font `symbols' in version `bold'
(Font)                  OMS/cmsy/b/n --> OMS/lmsy/b/n on input line 28.
LaTeX Font Info:    Overwriting symbol font `largesymbols' in version `bold'
(Font)                  OMX/cmex/m/n --> OMX/lmex/m/n on input line 29.
LaTeX Font Info:    Overwriting math alphabet `\mathbf' in version `normal'
(Font)                  OT1/cmr/bx/n --> OT1/lmr/bx/n on input line 31.
LaTeX Font Info:    Overwriting math alphabet `\mathsf' in version `normal'
(Font)                  OT1/cmss/m/n --> OT1/lmss/m/n on input line 32.
LaTeX Font Info:    Overwriting math alphabet `\mathit' in version `normal'
(Font)                  OT1/cmr/m/it --> OT1/lmr/m/it on input line 33.
LaTeX Font Info:    Overwriting math alphabet `\mathtt' in version `normal'
(Font)                  OT1/cmtt/m/n --> OT1/lmtt/m/n on input line 34.
LaTeX Font Info:    Overwriting math alphabet `\mathbf' in version `bold'
(Font)                  OT1/cmr/bx/n --> OT1/lmr/bx/n on input line 35.
LaTeX Font Info:    Overwriting math alphabet `\mathsf' in version `bold'
(Font)                  OT1/cmss/bx/n --> OT1/lmss/bx/n on input line 36.
LaTeX Font Info:    Overwriting math alphabet `\mathit' in version `bold'
(Font)                  OT1/cmr/bx/it --> OT1/lmr/bx/it on input line 37.
LaTeX Font Info:    Overwriting math alphabet `\mathtt' in version `bold'
(Font)                  OT1/cmtt/m/n --> OT1/lmtt/m/n on input line 38.
)
(c:/Users/mpfol/AppData/Roaming/TinyTeX/texmf-dist/tex/latex/amsfonts/amssymb.s
ty
Package: amssymb 2013/01/14 v3.01 AMS font symbols

(c:/Users/mpfol/AppData/Roaming/TinyTeX/texmf-dist/tex/latex/amsfonts/amsfonts.
sty
Package: amsfonts 2013/01/14 v3.01 Basic AMSFonts support
\@emptytoks=\toks14
\symAMSa=\mathgroup4
\symAMSb=\mathgroup5
LaTeX Font Info:    Redeclaring math symbol \hbar on input line 98.
LaTeX Font Info:    Overwriting math alphabet `\mathfrak' in version `bold'
(Font)                  U/euf/m/n --> U/euf/b/n on input line 106.
))
(c:/Users/mpfol/AppData/Roaming/TinyTeX/texmf-dist/tex/latex/amsmath/amsmath.st
y
Package: amsmath 2020/01/20 v2.17e AMS math features
\@mathmargin=\skip49
For additional information on amsmath, use the `?' option.

(c:/Users/mpfol/AppData/Roaming/TinyTeX/texmf-dist/tex/latex/amsmath/amstext.st
y
Package: amstext 2000/06/29 v2.01 AMS text

(c:/Users/mpfol/AppData/Roaming/TinyTeX/texmf-dist/tex/latex/amsmath/amsgen.sty
File: amsgen.sty 1999/11/30 v2.0 generic functions
\@emptytoks=\toks15
\ex@=\dimen135
))
(c:/Users/mpfol/AppData/Roaming/TinyTeX/texmf-dist/tex/latex/amsmath/amsbsy.sty
Package: amsbsy 1999/11/29 v1.2d Bold Symbols
\pmbraise@=\dimen136
)
(c:/Users/mpfol/AppData/Roaming/TinyTeX/texmf-dist/tex/latex/amsmath/amsopn.sty
Package: amsopn 2016/03/08 v2.02 operator names
)
\inf@bad=\count172
LaTeX Info: Redefining \frac on input line 227.
\uproot@=\count173
\leftroot@=\count174
LaTeX Info: Redefining \overline on input line 389.
\classnum@=\count175
\DOTSCASE@=\count176
LaTeX Info: Redefining \ldots on input line 486.
LaTeX Info: Redefining \dots on input line 489.
LaTeX Info: Redefining \cdots on input line 610.
\Mathstrutbox@=\box45
\strutbox@=\box46
\big@size=\dimen137
LaTeX Font Info:    Redeclaring font encoding OML on input line 733.
LaTeX Font Info:    Redeclaring font encoding OMS on input line 734.
\macc@depth=\count177
\c@MaxMatrixCols=\count178
\dotsspace@=\muskip16
\c@parentequation=\count179
\dspbrk@lvl=\count180
\tag@help=\toks16
\row@=\count181
\column@=\count182
\maxfields@=\count183
\andhelp@=\toks17
\eqnshift@=\dimen138
\alignsep@=\dimen139
\tagshift@=\dimen140
\tagwidth@=\dimen141
\totwidth@=\dimen142
\lineht@=\dimen143
\@envbody=\toks18
\multlinegap=\skip50
\multlinetaggap=\skip51
\mathdisplay@stack=\toks19
LaTeX Info: Redefining \[ on input line 2859.
LaTeX Info: Redefining \] on input line 2860.
)
(c:/Users/mpfol/AppData/Roaming/TinyTeX/texmf-dist/tex/generic/iftex/ifxetex.st
y
Package: ifxetex 2019/10/25 v0.7 ifxetex legacy package. Use iftex instead.
(c:/Users/mpfol/AppData/Roaming/TinyTeX/texmf-dist/tex/generic/iftex/iftex.sty
Package: iftex 2019/11/07 v1.0c TeX engine tests
))
(c:/Users/mpfol/AppData/Roaming/TinyTeX/texmf-dist/tex/generic/iftex/ifluatex.s
ty
Package: ifluatex 2019/10/25 v1.5 ifluatex legacy package. Use iftex instead.
)
(c:/Users/mpfol/AppData/Roaming/TinyTeX/texmf-dist/tex/latex/unicode-math/unico
de-math.sty
(c:/Users/mpfol/AppData/Roaming/TinyTeX/texmf-dist/tex/latex/l3kernel/expl3.sty
Package: expl3 2020-02-14 L3 programming layer (loader) 

(c:/Users/mpfol/AppData/Roaming/TinyTeX/texmf-dist/tex/latex/l3backend/l3backen
d-xdvipdfmx.def
File: l3backend-xdvipdfmx.def 2020-02-03 L3 backend support: xdvipdfmx
\g__graphics_track_int=\count184
\l__pdf_internal_box=\box47
\g__pdf_backend_object_int=\count185
\g__pdf_backend_annotation_int=\count186
))
Package: unicode-math 2020/01/31 v0.8q Unicode maths in XeLaTeX and LuaLaTeX

(c:/Users/mpfol/AppData/Roaming/TinyTeX/texmf-dist/tex/latex/unicode-math/unico
de-math-xetex.sty
Package: unicode-math-xetex 2020/01/31 v0.8q Unicode maths in XeLaTeX and LuaLa
TeX

(c:/Users/mpfol/AppData/Roaming/TinyTeX/texmf-dist/tex/latex/l3packages/xparse/
xparse.sty
Package: xparse 2020-02-14 L3 Experimental document command parser
\l__xparse_current_arg_int=\count187
\g__xparse_grabber_int=\count188
\l__xparse_m_args_int=\count189
\l__xparse_v_nesting_int=\count190
)
(c:/Users/mpfol/AppData/Roaming/TinyTeX/texmf-dist/tex/latex/l3packages/l3keys2
e/l3keys2e.sty
Package: l3keys2e 2020-02-14 LaTeX2e option processing using LaTeX3 keys
)
(c:/Users/mpfol/AppData/Roaming/TinyTeX/texmf-dist/tex/latex/fontspec/fontspec.
sty
Package: fontspec 2020/02/03 v2.7h Font selection for XeLaTeX and LuaLaTeX

(c:/Users/mpfol/AppData/Roaming/TinyTeX/texmf-dist/tex/latex/fontspec/fontspec-
xetex.sty
Package: fontspec-xetex 2020/02/03 v2.7h Font selection for XeLaTeX and LuaLaTe
X
\l__fontspec_script_int=\count191
\l__fontspec_language_int=\count192
\l__fontspec_strnum_int=\count193
\l__fontspec_tmp_int=\count194
\l__fontspec_tmpa_int=\count195
\l__fontspec_tmpb_int=\count196
\l__fontspec_tmpc_int=\count197
\l__fontspec_em_int=\count198
\l__fontspec_emdef_int=\count199
\l__fontspec_strong_int=\count266
\l__fontspec_strongdef_int=\count267
\l__fontspec_tmpa_dim=\dimen144
\l__fontspec_tmpb_dim=\dimen145
\l__fontspec_tmpc_dim=\dimen146
(c:/Users/mpfol/AppData/Roaming/TinyTeX/texmf-dist/tex/latex/base/fontenc.sty
Package: fontenc 2020/02/11 v2.0o Standard LaTeX package
)
(c:/Users/mpfol/AppData/Roaming/TinyTeX/texmf-dist/tex/latex/fontspec/fontspec.
cfg))) (c:/Users/mpfol/AppData/Roaming/TinyTeX/texmf-dist/tex/latex/base/fix-cm
.sty
Package: fix-cm 2015/01/14 v1.1t fixes to LaTeX
(c:/Users/mpfol/AppData/Roaming/TinyTeX/texmf-dist/tex/latex/base/ts1enc.def
File: ts1enc.def 2001/06/05 v3.0e (jk/car/fm) Standard LaTeX file
LaTeX Font Info:    Redeclaring font encoding TS1 on input line 47.
))
\g__um_fam_int=\count268
\g__um_fonts_used_int=\count269
\l__um_primecount_int=\count270
\g__um_primekern_muskip=\muskip17

(c:/Users/mpfol/AppData/Roaming/TinyTeX/texmf-dist/tex/latex/unicode-math/unico
de-math-table.tex)))
(c:/Users/mpfol/AppData/Roaming/TinyTeX/texmf-dist/tex/latex/upquote/upquote.st
y
Package: upquote 2012/04/19 v1.3 upright-quote and grave-accent glyphs in verba
tim
(c:/Users/mpfol/AppData/Roaming/TinyTeX/texmf-dist/tex/latex/base/textcomp.sty
Package: textcomp 2020/02/02 v2.0n Standard LaTeX package
)) (c:/Users/mpfol/AppData/Roaming/TinyTeX/texmf-dist/tex/latex/xcolor/xcolor.s
ty
Package: xcolor 2016/05/11 v2.12 LaTeX color extensions (UK)

(c:/Users/mpfol/AppData/Roaming/TinyTeX/texmf-dist/tex/latex/graphics-cfg/color
.cfg
File: color.cfg 2016/01/02 v1.6 sample color configuration
)
Package xcolor Info: Driver file: xetex.def on input line 225.

(c:/Users/mpfol/AppData/Roaming/TinyTeX/texmf-dist/tex/latex/graphics-def/xetex
.def
File: xetex.def 2017/06/24 v5.0h Graphics/color driver for xetex
)
Package xcolor Info: Model `cmy' substituted by `cmy0' on input line 1348.
Package xcolor Info: Model `RGB' extended on input line 1364.
Package xcolor Info: Model `HTML' substituted by `rgb' on input line 1366.
Package xcolor Info: Model `Hsb' substituted by `hsb' on input line 1367.
Package xcolor Info: Model `tHsb' substituted by `hsb' on input line 1368.
Package xcolor Info: Model `HSB' substituted by `hsb' on input line 1369.
Package xcolor Info: Model `Gray' substituted by `gray' on input line 1370.
Package xcolor Info: Model `wave' substituted by `hsb' on input line 1371.
)
(c:/Users/mpfol/AppData/Roaming/TinyTeX/texmf-dist/tex/latex/hyperref/hyperref.
sty
Package: hyperref 2020/01/14 v7.00d Hypertext links for LaTeX

(c:/Users/mpfol/AppData/Roaming/TinyTeX/texmf-dist/tex/generic/ltxcmds/ltxcmds.
sty
Package: ltxcmds 2019/12/15 v1.24 LaTeX kernel commands for general use (HO)
)
(c:/Users/mpfol/AppData/Roaming/TinyTeX/texmf-dist/tex/latex/pdftexcmds/pdftexc
mds.sty
Package: pdftexcmds 2019/11/24 v0.31 Utility functions of pdfTeX for LuaTeX (HO
)

(c:/Users/mpfol/AppData/Roaming/TinyTeX/texmf-dist/tex/generic/infwarerr/infwar
err.sty
Package: infwarerr 2019/12/03 v1.5 Providing info/warning/error messages (HO)
)
Package pdftexcmds Info: \pdf@primitive is available.
Package pdftexcmds Info: \pdf@ifprimitive is available.
Package pdftexcmds Info: \pdfdraftmode not found.
)
(c:/Users/mpfol/AppData/Roaming/TinyTeX/texmf-dist/tex/latex/graphics/keyval.st
y
Package: keyval 2014/10/28 v1.15 key=value parser (DPC)
\KV@toks@=\toks20
)
(c:/Users/mpfol/AppData/Roaming/TinyTeX/texmf-dist/tex/generic/kvsetkeys/kvsetk
eys.sty
Package: kvsetkeys 2019/12/15 v1.18 Key value parser (HO)
)
(c:/Users/mpfol/AppData/Roaming/TinyTeX/texmf-dist/tex/generic/kvdefinekeys/kvd
efinekeys.sty
Package: kvdefinekeys 2019-12-19 v1.6 Define keys (HO)
)
(c:/Users/mpfol/AppData/Roaming/TinyTeX/texmf-dist/tex/generic/pdfescape/pdfesc
ape.sty
Package: pdfescape 2019/12/09 v1.15 Implements pdfTeX's escape features (HO)
)
(c:/Users/mpfol/AppData/Roaming/TinyTeX/texmf-dist/tex/latex/hycolor/hycolor.st
y
Package: hycolor 2020-01-27 v1.10 Color options for hyperref/bookmark (HO)
)
(c:/Users/mpfol/AppData/Roaming/TinyTeX/texmf-dist/tex/latex/letltxmacro/letltx
macro.sty
Package: letltxmacro 2019/12/03 v1.6 Let assignment for LaTeX macros (HO)
)
(c:/Users/mpfol/AppData/Roaming/TinyTeX/texmf-dist/tex/latex/auxhook/auxhook.st
y
Package: auxhook 2019-12-17 v1.6 Hooks for auxiliary files (HO)
)
(c:/Users/mpfol/AppData/Roaming/TinyTeX/texmf-dist/tex/latex/kvoptions/kvoption
s.sty
Package: kvoptions 2019/11/29 v3.13 Key value format for package options (HO)
)
\@linkdim=\dimen147
\Hy@linkcounter=\count271
\Hy@pagecounter=\count272

(c:/Users/mpfol/AppData/Roaming/TinyTeX/texmf-dist/tex/latex/hyperref/pd1enc.de
f
File: pd1enc.def 2020/01/14 v7.00d Hyperref: PDFDocEncoding definition (HO)
)
(c:/Users/mpfol/AppData/Roaming/TinyTeX/texmf-dist/tex/generic/intcalc/intcalc.
sty
Package: intcalc 2019/12/15 v1.3 Expandable calculations with integers (HO)
)
(c:/Users/mpfol/AppData/Roaming/TinyTeX/texmf-dist/tex/generic/etexcmds/etexcmd
s.sty
Package: etexcmds 2019/12/15 v1.7 Avoid name clashes with e-TeX commands (HO)
)
\Hy@SavedSpaceFactor=\count273
Package hyperref Info: Option `unicode' set `true' on input line 4421.

(c:/Users/mpfol/AppData/Roaming/TinyTeX/texmf-dist/tex/latex/hyperref/puenc.def
File: puenc.def 2020/01/14 v7.00d Hyperref: PDF Unicode definition (HO)
)
Package hyperref Info: Hyper figures OFF on input line 4547.
Package hyperref Info: Link nesting OFF on input line 4552.
Package hyperref Info: Hyper index ON on input line 4555.
Package hyperref Info: Plain pages OFF on input line 4562.
Package hyperref Info: Backreferencing OFF on input line 4567.
Package hyperref Info: Implicit mode ON; LaTeX internals redefined.
Package hyperref Info: Bookmarks ON on input line 4800.
\c@Hy@tempcnt=\count274
(c:/Users/mpfol/AppData/Roaming/TinyTeX/texmf-dist/tex/latex/url/url.sty
\Urlmuskip=\muskip18
Package: url 2013/09/16  ver 3.4  Verb mode for urls, etc.
)
LaTeX Info: Redefining \url on input line 5159.
\XeTeXLinkMargin=\dimen148

(c:/Users/mpfol/AppData/Roaming/TinyTeX/texmf-dist/tex/generic/bitset/bitset.st
y
Package: bitset 2019/12/09 v1.3 Handle bit-vector datatype (HO)

(c:/Users/mpfol/AppData/Roaming/TinyTeX/texmf-dist/tex/generic/bigintcalc/bigin
tcalc.sty
Package: bigintcalc 2019/12/15 v1.5 Expandable calculations on big integers (HO
)
))
\Fld@menulength=\count275
\Field@Width=\dimen149
\Fld@charsize=\dimen150
Package hyperref Info: Hyper figures OFF on input line 6430.
Package hyperref Info: Link nesting OFF on input line 6435.
Package hyperref Info: Hyper index ON on input line 6438.
Package hyperref Info: backreferencing OFF on input line 6445.
Package hyperref Info: Link coloring OFF on input line 6450.
Package hyperref Info: Link coloring with OCG OFF on input line 6455.
Package hyperref Info: PDF/A mode OFF on input line 6460.
LaTeX Info: Redefining \ref on input line 6500.
LaTeX Info: Redefining \pageref on input line 6504.

(c:/Users/mpfol/AppData/Roaming/TinyTeX/texmf-dist/tex/generic/atbegshi/atbegsh
i.sty
Package: atbegshi 2019/12/05 v1.19 At begin shipout hook (HO)
)
\Hy@abspage=\count276
\c@Item=\count277
\c@Hfootnote=\count278
)
Package hyperref Info: Driver (autodetected): hxetex.

(c:/Users/mpfol/AppData/Roaming/TinyTeX/texmf-dist/tex/latex/hyperref/hxetex.de
f
File: hxetex.def 2020/01/14 v7.00d Hyperref driver for XeTeX

(c:/Users/mpfol/AppData/Roaming/TinyTeX/texmf-dist/tex/generic/stringenc/string
enc.sty
Package: stringenc 2019/11/29 v1.12 Convert strings between diff. encodings (HO
)
)
\pdfm@box=\box48
\c@Hy@AnnotLevel=\count279
\HyField@AnnotCount=\count280
\Fld@listcount=\count281
\c@bookmark@seq@number=\count282

(c:/Users/mpfol/AppData/Roaming/TinyTeX/texmf-dist/tex/latex/rerunfilecheck/rer
unfilecheck.sty
Package: rerunfilecheck 2019/12/05 v1.9 Rerun checks for auxiliary files (HO)

(c:/Users/mpfol/AppData/Roaming/TinyTeX/texmf-dist/tex/latex/atveryend/atveryen
d.sty
Package: atveryend 2019-12-11 v1.11 Hooks at the very end of document (HO)
Package atveryend Info: \enddocument detected (standard20110627).
)
(c:/Users/mpfol/AppData/Roaming/TinyTeX/texmf-dist/tex/generic/uniquecounter/un
iquecounter.sty
Package: uniquecounter 2019/12/15 v1.4 Provide unlimited unique counter (HO)
)
Package uniquecounter Info: New unique counter `rerunfilecheck' on input line 2
86.
)
\Hy@SectionHShift=\skip52
)
(c:/Users/mpfol/AppData/Roaming/TinyTeX/texmf-dist/tex/latex/fancyvrb/fancyvrb.
sty
Package: fancyvrb 2020/01/13 v3.5 verbatim text (tvz,hv)
\FV@CodeLineNo=\count283
\FV@InFile=\read2
\FV@TabBox=\box49
\c@FancyVerbLine=\count284
\FV@StepNumber=\count285
\FV@OutFile=\write3
) (c:/Users/mpfol/AppData/Roaming/TinyTeX/texmf-dist/tex/latex/framed/framed.st
y
Package: framed 2011/10/22 v 0.96: framed or shaded text with page breaks
\OuterFrameSep=\skip53
\fb@frw=\dimen151
\fb@frh=\dimen152
\FrameRule=\dimen153
\FrameSep=\dimen154
)
(c:/Users/mpfol/AppData/Roaming/TinyTeX/texmf-dist/tex/latex/tools/longtable.st
y
Package: longtable 2020/01/07 v4.13 Multi-page Table package (DPC)
\LTleft=\skip54
\LTright=\skip55
\LTpre=\skip56
\LTpost=\skip57
\LTchunksize=\count286
\LTcapwidth=\dimen155
\LT@head=\box50
\LT@firsthead=\box51
\LT@foot=\box52
\LT@lastfoot=\box53
\LT@cols=\count287
\LT@rows=\count288
\c@LT@tables=\count289
\c@LT@chunks=\count290
\LT@p@ftn=\toks21
)
(c:/Users/mpfol/AppData/Roaming/TinyTeX/texmf-dist/tex/latex/booktabs/booktabs.
sty
Package: booktabs 2020/01/12 v1.61803398 Publication quality tables
\heavyrulewidth=\dimen156
\lightrulewidth=\dimen157
\cmidrulewidth=\dimen158
\belowrulesep=\dimen159
\belowbottomsep=\dimen160
\aboverulesep=\dimen161
\abovetopsep=\dimen162
\cmidrulesep=\dimen163
\cmidrulekern=\dimen164
\defaultaddspace=\dimen165
\@cmidla=\count291
\@cmidlb=\count292
\@aboverulesep=\dimen166
\@belowrulesep=\dimen167
\@thisruleclass=\count293
\@lastruleclass=\count294
\@thisrulewidth=\dimen168
)
(c:/Users/mpfol/AppData/Roaming/TinyTeX/texmf-dist/tex/latex/etoolbox/etoolbox.
sty
Package: etoolbox 2019/09/21 v2.5h e-TeX tools for LaTeX (JAW)
\etb@tempcnta=\count295
)
(c:/Users/mpfol/AppData/Roaming/TinyTeX/texmf-dist/tex/latex/mdwtools/footnote.
sty
Package: footnote 1997/01/28 1.13 Save footnotes around boxes
\fn@notes=\box54
\fn@width=\dimen169
)
(c:/Users/mpfol/AppData/Roaming/TinyTeX/texmf-dist/tex/latex/graphics/graphicx.
sty
Package: graphicx 2019/11/30 v1.2a Enhanced LaTeX Graphics (DPC,SPQR)

(c:/Users/mpfol/AppData/Roaming/TinyTeX/texmf-dist/tex/latex/graphics/graphics.
sty
Package: graphics 2019/11/30 v1.4a Standard LaTeX Graphics (DPC,SPQR)
(c:/Users/mpfol/AppData/Roaming/TinyTeX/texmf-dist/tex/latex/graphics/trig.sty
Package: trig 2016/01/03 v1.10 sin cos tan (DPC)
)
(c:/Users/mpfol/AppData/Roaming/TinyTeX/texmf-dist/tex/latex/graphics-cfg/graph
ics.cfg
File: graphics.cfg 2016/06/04 v1.11 sample graphics configuration
)
Package graphics Info: Driver file: xetex.def on input line 105.
)
\Gin@req@height=\dimen170
\Gin@req@width=\dimen171
)
(c:/Users/mpfol/AppData/Roaming/TinyTeX/texmf-dist/tex/latex/grffile/grffile.st
y
Package: grffile 2019/11/11 v2.1 Extended file name support for graphics (legac
y)
Package grffile Info: This package is an empty stub for compatibility on input 
line 40.
) (c:/Users/mpfol/AppData/Roaming/TinyTeX/texmf-dist/tex/latex/natbib/natbib.st
y
Package: natbib 2010/09/13 8.31b (PWD, AO)
\bibhang=\skip58
\bibsep=\skip59
LaTeX Info: Redefining \cite on input line 694.
\c@NAT@ctr=\count296
) (./data-sci.aux)
\openout1 = `data-sci.aux'.

LaTeX Font Info:    Checking defaults for OML/cmm/m/it on input line 118.
LaTeX Font Info:    ... okay on input line 118.
LaTeX Font Info:    Checking defaults for OMS/cmsy/m/n on input line 118.
LaTeX Font Info:    ... okay on input line 118.
LaTeX Font Info:    Checking defaults for OT1/cmr/m/n on input line 118.
LaTeX Font Info:    ... okay on input line 118.
LaTeX Font Info:    Checking defaults for T1/cmr/m/n on input line 118.
LaTeX Font Info:    ... okay on input line 118.
LaTeX Font Info:    Checking defaults for TS1/cmr/m/n on input line 118.
LaTeX Font Info:    ... okay on input line 118.
LaTeX Font Info:    Checking defaults for TU/lmr/m/n on input line 118.
LaTeX Font Info:    ... okay on input line 118.
LaTeX Font Info:    Checking defaults for OMX/cmex/m/n on input line 118.
LaTeX Font Info:    ... okay on input line 118.
LaTeX Font Info:    Checking defaults for U/cmr/m/n on input line 118.
LaTeX Font Info:    ... okay on input line 118.
LaTeX Font Info:    Checking defaults for PD1/pdf/m/n on input line 118.
LaTeX Font Info:    ... okay on input line 118.
LaTeX Font Info:    Checking defaults for PU/pdf/m/n on input line 118.
LaTeX Font Info:    ... okay on input line 118.
LaTeX Font Info:    Overwriting math alphabet `\mathrm' in version `normal'
(Font)                  OT1/lmr/m/n --> TU/lmr/m/n on input line 118.
LaTeX Font Info:    Overwriting math alphabet `\mathit' in version `normal'
(Font)                  OT1/lmr/m/it --> TU/lmr/m/it on input line 118.
LaTeX Font Info:    Overwriting math alphabet `\mathbf' in version `normal'
(Font)                  OT1/lmr/bx/n --> TU/lmr/bx/n on input line 118.
LaTeX Font Info:    Overwriting math alphabet `\mathsf' in version `normal'
(Font)                  OT1/lmss/m/n --> TU/lmss/m/n on input line 118.
LaTeX Font Info:    Overwriting math alphabet `\mathsf' in version `bold'
(Font)                  OT1/lmss/bx/n --> TU/lmss/bx/n on input line 118.
LaTeX Font Info:    Overwriting math alphabet `\mathtt' in version `normal'
(Font)                  OT1/lmtt/m/n --> TU/lmtt/m/n on input line 118.
LaTeX Font Info:    Overwriting math alphabet `\mathtt' in version `bold'
(Font)                  OT1/lmtt/m/n --> TU/lmtt/bx/n on input line 118.

Package fontspec Info: latinmodern-math scale = 0.9999964596882403.


Package fontspec Info: latinmodern-math scale = 0.9999964596882403.


Package fontspec Info: latinmodern-math scale = 0.9999964596882403.


Package fontspec Info: Font family 'latinmodern-math.otf(0)' created for font
(fontspec)             'latinmodern-math.otf' with options
(fontspec)             [Scale=MatchLowercase,BoldItalicFont={},ItalicFont={},Sm
allCapsFont={},Script=Math,BoldFont={latinmodern-math.otf}].
(fontspec)              
(fontspec)              This font family consists of the following NFSS
(fontspec)             series/shapes:
(fontspec)              
(fontspec)             - 'normal' (m/n) with NFSS spec.:
(fontspec)             <->s*[0.9999964596882403]"[latinmodern-math.otf]/OT:scri
pt=math;language=dflt;"
(fontspec)             - 'small caps'  (m/sc) with NFSS spec.: 
(fontspec)             - 'bold' (b/n) with NFSS spec.:
(fontspec)             <->s*[0.9999964596882403]"[latinmodern-math.otf]/OT:scri
pt=math;language=dflt;"
(fontspec)             - 'bold small caps'  (b/sc) with NFSS spec.: 

LaTeX Font Info:    Font shape `TU/latinmodern-math.otf(0)/m/n' will be
(Font)              scaled to size 10.0pt on input line 118.

Package fontspec Info: latinmodern-math scale = 0.9999964596882403.


Package fontspec Info: latinmodern-math scale = 0.9999964596882403.


Package fontspec Info: latinmodern-math scale = 0.9999964596882403.


Package fontspec Info: latinmodern-math scale = 0.9999964596882403.


Package fontspec Info: latinmodern-math scale = 0.9999964596882403.


Package fontspec Info: Font family 'latinmodern-math.otf(1)' created for font
(fontspec)             'latinmodern-math.otf' with options
(fontspec)             [Scale=MatchLowercase,BoldItalicFont={},ItalicFont={},Sm
allCapsFont={},Script=Math,SizeFeatures={{Size=8.5-},{Size=6-8.5,Font=latinmode
rn-math.otf,Style=MathScript},{Size=-6,Font=latinmodern-math.otf,Style=MathScri
ptScript}},BoldFont={latinmodern-math.otf}].
(fontspec)              
(fontspec)              This font family consists of the following NFSS
(fontspec)             series/shapes:
(fontspec)              
(fontspec)             - 'normal' (m/n) with NFSS spec.:
(fontspec)             <8.5->s*[0.9999964596882403]"[latinmodern-math.otf]/OT:s
cript=math;language=dflt;"<6-8.5>s*[0.9999964596882403]"[latinmodern-math.otf]/
OT:script=math;language=dflt;+ssty=0;"<-6>s*[0.9999964596882403]"[latinmodern-m
ath.otf]/OT:script=math;language=dflt;+ssty=1;"
(fontspec)             - 'small caps'  (m/sc) with NFSS spec.: 
(fontspec)             - 'bold' (b/n) with NFSS spec.:
(fontspec)             <->s*[0.9999964596882403]"[latinmodern-math.otf]/OT:scri
pt=math;language=dflt;"
(fontspec)             - 'bold small caps'  (b/sc) with NFSS spec.: 

LaTeX Font Info:    Font shape `TU/latinmodern-math.otf(1)/m/n' will be
(Font)              scaled to size 10.0pt on input line 118.
LaTeX Font Info:    Encoding `OT1' has changed to `TU' for symbol font
(Font)              `operators' in the math version `normal' on input line 118.

LaTeX Font Info:    Overwriting symbol font `operators' in version `normal'
(Font)                  OT1/lmr/m/n --> TU/latinmodern-math.otf(1)/m/n on input
 line 118.
LaTeX Font Info:    Encoding `OT1' has changed to `TU' for symbol font
(Font)              `operators' in the math version `bold' on input line 118.
LaTeX Font Info:    Overwriting symbol font `operators' in version `bold'
(Font)                  OT1/lmr/bx/n --> TU/latinmodern-math.otf(1)/b/n on inpu
t line 118.

Package fontspec Info: latinmodern-math scale = 0.9999964596882403.


Package fontspec Info: latinmodern-math scale = 1.000096459334209.


Package fontspec Info: latinmodern-math scale = 0.9999964596882403.


Package fontspec Info: latinmodern-math scale = 1.000096459334209.


Package fontspec Info: latinmodern-math scale = 0.9999964596882403.


Package fontspec Info: latinmodern-math scale = 1.000096459334209.


Package fontspec Info: latinmodern-math scale = 0.9999964596882403.


Package fontspec Info: latinmodern-math scale = 1.000096459334209.


Package fontspec Info: latinmodern-math scale = 0.9999964596882403.


Package fontspec Info: latinmodern-math scale = 1.000096459334209.


Package fontspec Info: Font family 'latinmodern-math.otf(2)' created for font
(fontspec)             'latinmodern-math.otf' with options
(fontspec)             [Scale=MatchLowercase,BoldItalicFont={},ItalicFont={},Sm
allCapsFont={},Script=Math,SizeFeatures={{Size=8.5-},{Size=6-8.5,Font=latinmode
rn-math.otf,Style=MathScript},{Size=-6,Font=latinmodern-math.otf,Style=MathScri
ptScript}},BoldFont={latinmodern-math.otf},ScaleAgain=1.0001,FontAdjustment={\f
ontdimen
(fontspec)             8\font =6.77pt\relax \fontdimen 9\font =3.94pt\relax
(fontspec)             \fontdimen 10\font =4.44pt\relax \fontdimen 11\font
(fontspec)             =6.86pt\relax \fontdimen 12\font =3.45pt\relax
(fontspec)             \fontdimen 13\font =3.63pt\relax \fontdimen 14\font
(fontspec)             =3.63pt\relax \fontdimen 15\font =2.89pt\relax
(fontspec)             \fontdimen 16\font =2.47pt\relax \fontdimen 17\font
(fontspec)             =2.47pt\relax \fontdimen 18\font =2.5pt\relax
(fontspec)             \fontdimen 19\font =2.0pt\relax \fontdimen 22\font
(fontspec)             =2.5pt\relax \fontdimen 20\font =0pt\relax \fontdimen
(fontspec)             21\font =0pt\relax }].
(fontspec)              
(fontspec)              This font family consists of the following NFSS
(fontspec)             series/shapes:
(fontspec)              
(fontspec)             - 'normal' (m/n) with NFSS spec.:
(fontspec)             <8.5->s*[1.000096459334209]"[latinmodern-math.otf]/OT:sc
ript=math;language=dflt;"<6-8.5>s*[1.000096459334209]"[latinmodern-math.otf]/OT
:script=math;language=dflt;+ssty=0;"<-6>s*[1.000096459334209]"[latinmodern-math
.otf]/OT:script=math;language=dflt;+ssty=1;"
(fontspec)             - 'small caps'  (m/sc) with NFSS spec.: 
(fontspec)             and font adjustment code:
(fontspec)             \fontdimen 8\font =6.77pt\relax \fontdimen 9\font
(fontspec)             =3.94pt\relax \fontdimen 10\font =4.44pt\relax
(fontspec)             \fontdimen 11\font =6.86pt\relax \fontdimen 12\font
(fontspec)             =3.45pt\relax \fontdimen 13\font =3.63pt\relax
(fontspec)             \fontdimen 14\font =3.63pt\relax \fontdimen 15\font
(fontspec)             =2.89pt\relax \fontdimen 16\font =2.47pt\relax
(fontspec)             \fontdimen 17\font =2.47pt\relax \fontdimen 18\font
(fontspec)             =2.5pt\relax \fontdimen 19\font =2.0pt\relax \fontdimen
(fontspec)             22\font =2.5pt\relax \fontdimen 20\font =0pt\relax
(fontspec)             \fontdimen 21\font =0pt\relax 
(fontspec)             - 'bold' (b/n) with NFSS spec.:
(fontspec)             <->s*[1.000096459334209]"[latinmodern-math.otf]/OT:scrip
t=math;language=dflt;"
(fontspec)             - 'bold small caps'  (b/sc) with NFSS spec.: 
(fontspec)             and font adjustment code:
(fontspec)             \fontdimen 8\font =6.77pt\relax \fontdimen 9\font
(fontspec)             =3.94pt\relax \fontdimen 10\font =4.44pt\relax
(fontspec)             \fontdimen 11\font =6.86pt\relax \fontdimen 12\font
(fontspec)             =3.45pt\relax \fontdimen 13\font =3.63pt\relax
(fontspec)             \fontdimen 14\font =3.63pt\relax \fontdimen 15\font
(fontspec)             =2.89pt\relax \fontdimen 16\font =2.47pt\relax
(fontspec)             \fontdimen 17\font =2.47pt\relax \fontdimen 18\font
(fontspec)             =2.5pt\relax \fontdimen 19\font =2.0pt\relax \fontdimen
(fontspec)             22\font =2.5pt\relax \fontdimen 20\font =0pt\relax
(fontspec)             \fontdimen 21\font =0pt\relax 

LaTeX Font Info:    Encoding `OMS' has changed to `TU' for symbol font
(Font)              `symbols' in the math version `normal' on input line 118.
LaTeX Font Info:    Overwriting symbol font `symbols' in version `normal'
(Font)                  OMS/lmsy/m/n --> TU/latinmodern-math.otf(2)/m/n on inpu
t line 118.
LaTeX Font Info:    Encoding `OMS' has changed to `TU' for symbol font
(Font)              `symbols' in the math version `bold' on input line 118.
LaTeX Font Info:    Overwriting symbol font `symbols' in version `bold'
(Font)                  OMS/lmsy/b/n --> TU/latinmodern-math.otf(2)/b/n on inpu
t line 118.

Package fontspec Info: latinmodern-math scale = 0.9999964596882403.


Package fontspec Info: latinmodern-math scale = 0.9998964600422715.


Package fontspec Info: latinmodern-math scale = 0.9999964596882403.


Package fontspec Info: latinmodern-math scale = 0.9998964600422715.


Package fontspec Info: latinmodern-math scale = 0.9999964596882403.


Package fontspec Info: latinmodern-math scale = 0.9998964600422715.


Package fontspec Info: latinmodern-math scale = 0.9999964596882403.


Package fontspec Info: latinmodern-math scale = 0.9998964600422715.


Package fontspec Info: latinmodern-math scale = 0.9999964596882403.


Package fontspec Info: latinmodern-math scale = 0.9998964600422715.


Package fontspec Info: Font family 'latinmodern-math.otf(3)' created for font
(fontspec)             'latinmodern-math.otf' with options
(fontspec)             [Scale=MatchLowercase,BoldItalicFont={},ItalicFont={},Sm
allCapsFont={},Script=Math,SizeFeatures={{Size=8.5-},{Size=6-8.5,Font=latinmode
rn-math.otf,Style=MathScript},{Size=-6,Font=latinmodern-math.otf,Style=MathScri
ptScript}},BoldFont={latinmodern-math.otf},ScaleAgain=0.9999,FontAdjustment={\f
ontdimen
(fontspec)             8\font =0.4pt\relax \fontdimen 9\font =2.0pt\relax
(fontspec)             \fontdimen 10\font =1.67pt\relax \fontdimen 11\font
(fontspec)             =1.11pt\relax \fontdimen 12\font =6.0pt\relax
(fontspec)             \fontdimen 13\font =0pt\relax }].
(fontspec)              
(fontspec)              This font family consists of the following NFSS
(fontspec)             series/shapes:
(fontspec)              
(fontspec)             - 'normal' (m/n) with NFSS spec.:
(fontspec)             <8.5->s*[0.9998964600422715]"[latinmodern-math.otf]/OT:s
cript=math;language=dflt;"<6-8.5>s*[0.9998964600422715]"[latinmodern-math.otf]/
OT:script=math;language=dflt;+ssty=0;"<-6>s*[0.9998964600422715]"[latinmodern-m
ath.otf]/OT:script=math;language=dflt;+ssty=1;"
(fontspec)             - 'small caps'  (m/sc) with NFSS spec.: 
(fontspec)             and font adjustment code:
(fontspec)             \fontdimen 8\font =0.4pt\relax \fontdimen 9\font
(fontspec)             =2.0pt\relax \fontdimen 10\font =1.67pt\relax
(fontspec)             \fontdimen 11\font =1.11pt\relax \fontdimen 12\font
(fontspec)             =6.0pt\relax \fontdimen 13\font =0pt\relax 
(fontspec)             - 'bold' (b/n) with NFSS spec.:
(fontspec)             <->s*[0.9998964600422715]"[latinmodern-math.otf]/OT:scri
pt=math;language=dflt;"
(fontspec)             - 'bold small caps'  (b/sc) with NFSS spec.: 
(fontspec)             and font adjustment code:
(fontspec)             \fontdimen 8\font =0.4pt\relax \fontdimen 9\font
(fontspec)             =2.0pt\relax \fontdimen 10\font =1.67pt\relax
(fontspec)             \fontdimen 11\font =1.11pt\relax \fontdimen 12\font
(fontspec)             =6.0pt\relax \fontdimen 13\font =0pt\relax 

LaTeX Font Info:    Encoding `OMX' has changed to `TU' for symbol font
(Font)              `largesymbols' in the math version `normal' on input line 1
18.
LaTeX Font Info:    Overwriting symbol font `largesymbols' in version `normal'
(Font)                  OMX/lmex/m/n --> TU/latinmodern-math.otf(3)/m/n on inpu
t line 118.
LaTeX Font Info:    Encoding `OMX' has changed to `TU' for symbol font
(Font)              `largesymbols' in the math version `bold' on input line 118
.
LaTeX Font Info:    Overwriting symbol font `largesymbols' in version `bold'
(Font)                  OMX/lmex/m/n --> TU/latinmodern-math.otf(3)/b/n on inpu
t line 118.
\AtBeginShipoutBox=\box55
Package hyperref Info: Link coloring OFF on input line 118.

(c:/Users/mpfol/AppData/Roaming/TinyTeX/texmf-dist/tex/latex/hyperref/nameref.s
ty
Package: nameref 2019/09/16 v2.46 Cross-referencing by name of section

(c:/Users/mpfol/AppData/Roaming/TinyTeX/texmf-dist/tex/latex/refcount/refcount.
sty
Package: refcount 2019/12/15 v3.6 Data extraction from label references (HO)
)
(c:/Users/mpfol/AppData/Roaming/TinyTeX/texmf-dist/tex/generic/gettitlestring/g
ettitlestring.sty
Package: gettitlestring 2019/12/15 v1.6 Cleanup title references (HO)
)
\c@section@level=\count297
)
LaTeX Info: Redefining \ref on input line 118.
LaTeX Info: Redefining \pageref on input line 118.
LaTeX Info: Redefining \nameref on input line 118.
(./data-sci.out) (./data-sci.out)
\@outlinefile=\write4
\openout4 = `data-sci.out'.

LaTeX Font Info:    Font shape `TU/latinmodern-math.otf(1)/m/n' will be
(Font)              scaled to size 12.0pt on input line 120.
LaTeX Font Info:    Font shape `TU/latinmodern-math.otf(1)/m/n' will be
(Font)              scaled to size 8.0pt on input line 120.
LaTeX Font Info:    Font shape `TU/latinmodern-math.otf(1)/m/n' will be
(Font)              scaled to size 6.0pt on input line 120.
LaTeX Font Info:    Trying to load font information for OML+lmm on input line 1
20.
(c:/Users/mpfol/AppData/Roaming/TinyTeX/texmf-dist/tex/latex/lm/omllmm.fd
File: omllmm.fd 2009/10/30 v1.6 Font defs for Latin Modern
)
LaTeX Font Info:    Font shape `TU/latinmodern-math.otf(2)/m/n' will be
(Font)              scaled to size 12.0011pt on input line 120.
LaTeX Font Info:    Font shape `TU/latinmodern-math.otf(2)/m/n' will be
(Font)              scaled to size 8.00073pt on input line 120.
LaTeX Font Info:    Font shape `TU/latinmodern-math.otf(2)/m/n' will be
(Font)              scaled to size 6.00055pt on input line 120.
LaTeX Font Info:    Font shape `TU/latinmodern-math.otf(3)/m/n' will be
(Font)              scaled to size 11.99872pt on input line 120.
LaTeX Font Info:    Font shape `TU/latinmodern-math.otf(3)/m/n' will be
(Font)              scaled to size 7.99915pt on input line 120.
LaTeX Font Info:    Font shape `TU/latinmodern-math.otf(3)/m/n' will be
(Font)              scaled to size 5.99936pt on input line 120.
LaTeX Font Info:    Trying to load font information for U+msa on input line 120
.
(c:/Users/mpfol/AppData/Roaming/TinyTeX/texmf-dist/tex/latex/amsfonts/umsa.fd
File: umsa.fd 2013/01/14 v3.01 AMS symbols A
)
LaTeX Font Info:    Trying to load font information for U+msb on input line 120
.
(c:/Users/mpfol/AppData/Roaming/TinyTeX/texmf-dist/tex/latex/amsfonts/umsb.fd
File: umsb.fd 2013/01/14 v3.01 AMS symbols B
) [1


] [2

] (./data-sci.toc
LaTeX Font Info:    Font shape `TU/latinmodern-math.otf(1)/m/n' will be
(Font)              scaled to size 7.0pt on input line 3.
LaTeX Font Info:    Font shape `TU/latinmodern-math.otf(1)/m/n' will be
(Font)              scaled to size 5.0pt on input line 3.
LaTeX Font Info:    Font shape `TU/latinmodern-math.otf(2)/m/n' will be
(Font)              scaled to size 10.00092pt on input line 3.
LaTeX Font Info:    Font shape `TU/latinmodern-math.otf(2)/m/n' will be
(Font)              scaled to size 7.00064pt on input line 3.
LaTeX Font Info:    Font shape `TU/latinmodern-math.otf(2)/m/n' will be
(Font)              scaled to size 5.00046pt on input line 3.
LaTeX Font Info:    Font shape `TU/latinmodern-math.otf(3)/m/n' will be
(Font)              scaled to size 9.99893pt on input line 3.
LaTeX Font Info:    Font shape `TU/latinmodern-math.otf(3)/m/n' will be
(Font)              scaled to size 6.99925pt on input line 3.
LaTeX Font Info:    Font shape `TU/latinmodern-math.otf(3)/m/n' will be
(Font)              scaled to size 4.99947pt on input line 3.
[3])
\tf@toc=\write5
\openout5 = `data-sci.toc'.

[4] [5

] [6

]
Chapter 1.
[7]

Package amsmath Warning: Foreign command \atopwithdelims;
(amsmath)                \frac or \genfrac should be used instead
(amsmath)                 on input line 176.

[8]
LaTeX Font Info:    Font shape `TU/lmtt/bx/n' in size <10> not available
(Font)              Font shape `TU/lmtt/b/n' tried instead on input line 214.
[9]
File: data-sci_files/figure-latex/unnamed-chunk-3-1.pdf Graphic file (type pdf)

<use data-sci_files/figure-latex/unnamed-chunk-3-1.pdf>
[10] [11]
File: data-sci_files/figure-latex/unnamed-chunk-10-1.pdf Graphic file (type pdf
)
<use data-sci_files/figure-latex/unnamed-chunk-10-1.pdf>

Underfull \vbox (badness 10000) has occurred while \output is active []

[12] [13]
File: data-sci_files/figure-latex/unnamed-chunk-12-1.pdf Graphic file (type pdf
)
<use data-sci_files/figure-latex/unnamed-chunk-12-1.pdf>
[14]
File: data-sci_files/figure-latex/unnamed-chunk-13-1.pdf Graphic file (type pdf
)
<use data-sci_files/figure-latex/unnamed-chunk-13-1.pdf>
[15] [16]
File: data-sci_files/figure-latex/unnamed-chunk-14-1.pdf Graphic file (type pdf
)
<use data-sci_files/figure-latex/unnamed-chunk-14-1.pdf>
[17]
File: data-sci_files/figure-latex/unnamed-chunk-15-1.pdf Graphic file (type pdf
)
<use data-sci_files/figure-latex/unnamed-chunk-15-1.pdf>
[18]
File: data-sci_files/figure-latex/unnamed-chunk-16-1.pdf Graphic file (type pdf
)
<use data-sci_files/figure-latex/unnamed-chunk-16-1.pdf>

Underfull \vbox (badness 10000) has occurred while \output is active []

[19] [20]
File: data-sci_files/figure-latex/unnamed-chunk-17-1.pdf Graphic file (type pdf
)
<use data-sci_files/figure-latex/unnamed-chunk-17-1.pdf>

Underfull \vbox (badness 10000) has occurred while \output is active []

[21] [22]
File: data-sci_files/figure-latex/unnamed-chunk-18-1.pdf Graphic file (type pdf
)
<use data-sci_files/figure-latex/unnamed-chunk-18-1.pdf>

Underfull \vbox (badness 10000) has occurred while \output is active []

[23]
File: data-sci_files/figure-latex/unnamed-chunk-19-1.pdf Graphic file (type pdf
)
<use data-sci_files/figure-latex/unnamed-chunk-19-1.pdf>

Underfull \vbox (badness 10000) has occurred while \output is active []

[24] [25] [26

]
Chapter 2.
[27] [28

]
Chapter 3.
[29] [30

]
Chapter 4.
[31] [32

]
Chapter 5.

Underfull \hbox (badness 1077) in paragraph at lines 841--842
[]\TU/lmr/m/n/10 “The Difference Between Logistic and Probit Regression”, The A
nalysis
 []


Underfull \hbox (badness 2042) in paragraph at lines 841--842
\TU/lmr/m/n/10 Factor. []$[][][][][] [] [] [] [][][] [] [][][][][][][][][][][][
][][][][][] [] [][][] [] [][][] [][] [][][][][][][][][][] [][] [][][][][][][] [
][] [][][][][][][][] [][]
 []

[33] [34]
Overfull \hbox (96.0pt too wide) in paragraph at lines 951--951
[]\TU/lmtt/m/n/10 ## Classes []spec_tbl_df[], []tbl_df[], []tbl[] and []data.fr
ame[]: 27 obs. of  7 variables:[] 
 []


Overfull \hbox (33.0pt too wide) in paragraph at lines 951--951
[]\TU/lmtt/m/n/10 ##  $ SMEAR : num  0.83 0.36 0.88 0.87 0.75 0.65 0.97 0.87 0.
45 0.36 ...[] 
 []


Overfull \hbox (27.75pt too wide) in paragraph at lines 951--951
[]\TU/lmtt/m/n/10 ##  $ INFIL : num  0.66 0.32 0.7 0.87 0.68 0.65 0.92 0.83 0.4
5 0.34 ...[] 
 []


Overfull \hbox (12.0pt too wide) in paragraph at lines 951--951
[]\TU/lmtt/m/n/10 ##  $ BLAST : num  1.1 0.74 0.18 1.05 0.52 0.52 1.23 1.35 0.3
2 0 ...[] 
 []


Overfull \hbox (1.5pt too wide) in paragraph at lines 951--951
[]\TU/lmtt/m/n/10 ##  $ TEMP  : num  1 0.99 0.98 0.99 0.98 0.98 0.99 1.02 1 1.0
4 ...[] 
 []

[35]
Overfull \hbox (6.75pt too wide) in paragraph at lines 975--975
[]\TU/lmtt/m/n/10 ## Call:  glm(formula = REMISS ~ ., family = binomial, data =
 leuk)[] 
 []


Overfull \hbox (69.75pt too wide) in paragraph at lines 975--975
[]\TU/lmtt/m/n/10 ## (Intercept)         CELL        SMEAR        INFIL        
   LI        BLAST[] 
 []


Overfull \hbox (69.75pt too wide) in paragraph at lines 975--975
[]\TU/lmtt/m/n/10 ##    64.25808     30.83006     24.68632    -24.97447      4.
36045     -0.01153[] 
 []

[36] [37]
Overfull \hbox (75.0pt too wide) in paragraph at lines 1104--1104
[]\TU/lmtt/m/n/10 ##  (Intercept)         CELL        SMEAR        INFIL       
    LI        BLAST[] 
 []


Overfull \hbox (75.0pt too wide) in paragraph at lines 1104--1104
[]\TU/lmtt/m/n/10 ## 6.175799e+02 2.182391e+01 1.180628e+01 8.229480e-02 1.5465
79e+00 9.988476e-01[] 
 []

[38]
Overfull \hbox (1.5pt too wide) in paragraph at lines 1132--1132
[]\TU/lmtt/m/n/10 ##   predictor oddsratio []CI_low (2.5)[] []CI_high (97.5)[] 
increment[] 
 []

File: data-sci_files/figure-latex/unnamed-chunk-30-1.pdf Graphic file (type pdf
)
<use data-sci_files/figure-latex/unnamed-chunk-30-1.pdf>

Underfull \vbox (badness 10000) has occurred while \output is active []

[39]
Overfull \hbox (43.5pt too wide) in paragraph at lines 1165--1165
[]\TU/lmtt/m/n/10 ## (Intercept)        CELL       SMEAR       INFIL          L
I       BLAST[] 
 []


Overfull \hbox (43.5pt too wide) in paragraph at lines 1165--1165
[]\TU/lmtt/m/n/10 ##       0.857       0.591       0.401      -0.383       1.64
1      -0.005[] 
 []


Overfull \hbox (43.5pt too wide) in paragraph at lines 1178--1178
[]\TU/lmtt/m/n/10 ## (Intercept)        CELL       SMEAR       INFIL          L
I       BLAST[] 
 []


Overfull \hbox (43.5pt too wide) in paragraph at lines 1178--1178
[]\TU/lmtt/m/n/10 ##       0.391       0.554       0.688       0.702       0.10
1       0.996[] 
 []

[40]
Overfull \hbox (6.75pt too wide) in paragraph at lines 1237--1237
[]\TU/lmtt/m/n/10 ## Call:  glm(formula = REMISS ~ ., family = binomial, data =
 leuk)[] 
 []


Overfull \hbox (69.75pt too wide) in paragraph at lines 1237--1237
[]\TU/lmtt/m/n/10 ## (Intercept)         CELL        SMEAR        INFIL        
   LI        BLAST[] 
 []


Overfull \hbox (69.75pt too wide) in paragraph at lines 1237--1237
[]\TU/lmtt/m/n/10 ##    64.25808     30.83006     24.68632    -24.97447      4.
36045     -0.01153[] 
 []

[41]
Overfull \hbox (1.5pt too wide) in paragraph at lines 1286--1286
[]\TU/lmtt/m/n/10 ##   null.deviance df.null logLik   AIC   BIC deviance df.res
idual[] 
 []


Overfull \hbox (1.5pt too wide) in paragraph at lines 1286--1286
[]\TU/lmtt/m/n/10 ##           <dbl>   <int>  <dbl> <dbl> <dbl>    <dbl>       
<int>[] 
 []


Overfull \hbox (1.5pt too wide) in paragraph at lines 1286--1286
[]\TU/lmtt/m/n/10 ## 1          34.4      26  -10.8  35.6  44.7     21.6       
   20[] 
 []

File: data-sci_files/figure-latex/unnamed-chunk-34-1.pdf Graphic file (type pdf
)
<use data-sci_files/figure-latex/unnamed-chunk-34-1.pdf>
[42]
Underfull \hbox (badness 10000) in paragraph at lines 1304--1306

 []


Underfull \hbox (badness 10000) in paragraph at lines 1306--1308

 []

File: data-sci_files/figure-latex/unnamed-chunk-35-1.pdf Graphic file (type pdf
)
<use data-sci_files/figure-latex/unnamed-chunk-35-1.pdf>
[43] [44]
Overfull \hbox (101.25pt too wide) in paragraph at lines 1393--1393
[]\TU/lmtt/m/n/10 ## Classes []spec_tbl_df[], []tbl_df[], []tbl[] and []data.fr
ame[]: 300 obs. of  4 variables:[] 
 []

[45]
File: data-sci_files/figure-latex/unnamed-chunk-37-1.pdf Graphic file (type pdf
)
<use data-sci_files/figure-latex/unnamed-chunk-37-1.pdf>
[46] [47]
File: data-sci_files/figure-latex/unnamed-chunk-41-1.pdf Graphic file (type pdf
)
<use data-sci_files/figure-latex/unnamed-chunk-41-1.pdf>

Overfull \hbox (1.5pt too wide) in paragraph at lines 1522--1522
[]\TU/lmtt/m/n/10 ##   null.deviance df.null logLik   AIC   BIC deviance df.res
idual[] 
 []


Overfull \hbox (1.5pt too wide) in paragraph at lines 1522--1522
[]\TU/lmtt/m/n/10 ##           <dbl>   <int>  <dbl> <dbl> <dbl>    <dbl>       
<int>[] 
 []


Overfull \hbox (1.5pt too wide) in paragraph at lines 1522--1522
[]\TU/lmtt/m/n/10 ## 1          140.     299  -394.  792.  799.     139.       
  298[] 
 []

[48]
File: data-sci_files/figure-latex/unnamed-chunk-44-1.pdf Graphic file (type pdf
)
<use data-sci_files/figure-latex/unnamed-chunk-44-1.pdf>
File: data-sci_files/figure-latex/unnamed-chunk-45-1.pdf Graphic file (type pdf
)
<use data-sci_files/figure-latex/unnamed-chunk-45-1.pdf>
[49] [50]
Chapter 6.
[51

] [52

]
Chapter 7.
[53] [54

]
Chapter 8.
[55] [56]
File: data-sci_files/figure-latex/unnamed-chunk-46-1.pdf Graphic file (type pdf
)
<use data-sci_files/figure-latex/unnamed-chunk-46-1.pdf>

Underfull \vbox (badness 7291) has occurred while \output is active []

[57] [58] [59] [60

]
Chapter 9.
[61] [62] [63]
Overfull \hbox (1.5pt too wide) in paragraph at lines 1804--1804
[]\TU/lmtt/m/n/10 ##      4) LoyalCH>=0.7648795 271  13 CH (0.95202952 0.047970
48) *[] 
 []


Overfull \hbox (6.75pt too wide) in paragraph at lines 1804--1804
[]\TU/lmtt/m/n/10 ##       10) PriceDiff>=-0.165 226  50 CH (0.77876106 0.22123
894) *[] 
 []


Overfull \hbox (1.5pt too wide) in paragraph at lines 1804--1804
[]\TU/lmtt/m/n/10 ##       11) PriceDiff< -0.165 40   9 MM (0.22500000 0.775000
00) *[] 
 []


Overfull \hbox (1.5pt too wide) in paragraph at lines 1804--1804
[]\TU/lmtt/m/n/10 ##       12) SalePriceMM>=2.04 71  31 CH (0.56338028 0.436619
72) *[] 
 []


Overfull \hbox (1.5pt too wide) in paragraph at lines 1804--1804
[]\TU/lmtt/m/n/10 ##       13) SalePriceMM< 2.04 75  18 MM (0.24000000 0.760000
00) *[] 
 []


Overfull \hbox (1.5pt too wide) in paragraph at lines 1804--1804
[]\TU/lmtt/m/n/10 ##      7) LoyalCH< 0.2761415 174  22 MM (0.12643678 0.873563
22) *[] 
 []

File: data-sci_files/figure-latex/unnamed-chunk-51-1.pdf Graphic file (type pdf
)
<use data-sci_files/figure-latex/unnamed-chunk-51-1.pdf>

Underfull \vbox (badness 10000) has occurred while \output is active []

[64]
Overfull \hbox (6.75pt too wide) in paragraph at lines 1845--1845
[]\TU/lmtt/m/n/10 ## rpart(formula = Purchase ~ ., data = oj_train, method = "c
lass")[] 
 []

[65]
Overfull \hbox (48.75pt too wide) in paragraph at lines 1886--1886
[]\TU/lmtt/m/n/10 ##           CP nsplit rel.error    xerror       xstd xerror_
cap       eval[] 
 []


Overfull \hbox (48.75pt too wide) in paragraph at lines 1886--1886
[]\TU/lmtt/m/n/10 ## 3 0.01347305      3 0.4550898 0.4700599 0.03390486  0.4978
082  under cap[] 
 []


Overfull \hbox (48.75pt too wide) in paragraph at lines 1886--1886
[]\TU/lmtt/m/n/10 ## 4 0.01000000      5 0.4281437 0.4640719 0.03373631  0.4978
082 min xerror[] 
 []

[66]
File: data-sci_files/figure-latex/unnamed-chunk-55-1.pdf Graphic file (type pdf
)
<use data-sci_files/figure-latex/unnamed-chunk-55-1.pdf>

Overfull \hbox (6.75pt too wide) in paragraph at lines 1962--1962
[]\TU/lmtt/m/n/10 ##       4) LoyalCH>=0.7648795 271  13 CH (0.95202952 0.04797
048) *[] 
 []

[67]
Overfull \hbox (1.5pt too wide) in paragraph at lines 1962--1962
[]\TU/lmtt/m/n/10 ##        10) PriceDiff>=-0.165 226  50 CH (0.77876106 0.2212
3894)[] 
 []


Overfull \hbox (38.25pt too wide) in paragraph at lines 1962--1962
[]\TU/lmtt/m/n/10 ##          20) ListPriceDiff>=0.255 115  11 CH (0.90434783 0
.09565217) *[] 
 []


Overfull \hbox (27.75pt too wide) in paragraph at lines 1962--1962
[]\TU/lmtt/m/n/10 ##          21) ListPriceDiff< 0.255 111  39 CH (0.64864865 0
.35135135)[] 
 []


Overfull \hbox (12.0pt too wide) in paragraph at lines 1962--1962
[]\TU/lmtt/m/n/10 ##            42) PriceMM>=2.155 19   2 CH (0.89473684 0.1052
6316) *[] 
 []


Overfull \hbox (1.5pt too wide) in paragraph at lines 1962--1962
[]\TU/lmtt/m/n/10 ##            43) PriceMM< 2.155 92  37 CH (0.59782609 0.4021
7391)[] 
 []


Overfull \hbox (12.0pt too wide) in paragraph at lines 1962--1962
[]\TU/lmtt/m/n/10 ##              86) DiscCH>=0.115 7   0 CH (1.00000000 0.0000
0000) *[] 
 []


Overfull \hbox (6.75pt too wide) in paragraph at lines 1962--1962
[]\TU/lmtt/m/n/10 ##              87) DiscCH< 0.115 85  37 CH (0.56470588 0.435
29412)[] 
 []


Overfull \hbox (64.5pt too wide) in paragraph at lines 1962--1962
[]\TU/lmtt/m/n/10 ##               174) ListPriceDiff>=0.215 45  15 CH (0.66666
667 0.33333333) *[] 
 []


Overfull \hbox (54.0pt too wide) in paragraph at lines 1962--1962
[]\TU/lmtt/m/n/10 ##               175) ListPriceDiff< 0.215 40  18 MM (0.45000
000 0.55000000)[] 
 []


Overfull \hbox (48.75pt too wide) in paragraph at lines 1962--1962
[]\TU/lmtt/m/n/10 ##                 350) LoyalCH>=0.527571 28  13 CH (0.535714
29 0.46428571)[] 
 []


Overfull \hbox (90.75pt too wide) in paragraph at lines 1962--1962
[]\TU/lmtt/m/n/10 ##                   700) WeekofPurchase< 266.5 21   8 CH (0.
61904762 0.38095238) *[] 
 []


Overfull \hbox (85.5pt too wide) in paragraph at lines 1962--1962
[]\TU/lmtt/m/n/10 ##                   701) WeekofPurchase>=266.5 7   2 MM (0.2
8571429 0.71428571) *[] 
 []


Overfull \hbox (59.25pt too wide) in paragraph at lines 1962--1962
[]\TU/lmtt/m/n/10 ##                 351) LoyalCH< 0.527571 12   3 MM (0.250000
00 0.75000000) *[] 
 []


Overfull \hbox (6.75pt too wide) in paragraph at lines 1962--1962
[]\TU/lmtt/m/n/10 ##        11) PriceDiff< -0.165 40   9 MM (0.22500000 0.77500
000) *[] 
 []


Overfull \hbox (12.0pt too wide) in paragraph at lines 1962--1962
[]\TU/lmtt/m/n/10 ##          24) LoyalCH< 0.303104 7   0 CH (1.00000000 0.0000
0000) *[] 
 []


Overfull \hbox (6.75pt too wide) in paragraph at lines 1962--1962
[]\TU/lmtt/m/n/10 ##          25) LoyalCH>=0.303104 64  31 CH (0.51562500 0.484
37500)[] 
 []


Overfull \hbox (38.25pt too wide) in paragraph at lines 1962--1962
[]\TU/lmtt/m/n/10 ##            50) WeekofPurchase>=246.5 52  22 CH (0.57692308
 0.42307692)[] 
 []


Overfull \hbox (6.75pt too wide) in paragraph at lines 1962--1962
[]\TU/lmtt/m/n/10 ##             100) PriceCH< 1.94 35  11 CH (0.68571429 0.314
28571)[] 
 []


Overfull \hbox (17.25pt too wide) in paragraph at lines 1962--1962
[]\TU/lmtt/m/n/10 ##               200) StoreID< 1.5 9   1 CH (0.88888889 0.111
11111) *[] 
 []


Overfull \hbox (12.0pt too wide) in paragraph at lines 1962--1962
[]\TU/lmtt/m/n/10 ##               201) StoreID>=1.5 26  10 CH (0.61538462 0.38
461538)[] 
 []


Overfull \hbox (59.25pt too wide) in paragraph at lines 1962--1962
[]\TU/lmtt/m/n/10 ##                 402) LoyalCH< 0.410969 17   4 CH (0.764705
88 0.23529412) *[] 
 []


Overfull \hbox (54.0pt too wide) in paragraph at lines 1962--1962
[]\TU/lmtt/m/n/10 ##                 403) LoyalCH>=0.410969 9   3 MM (0.3333333
3 0.66666667) *[] 
 []


Overfull \hbox (17.25pt too wide) in paragraph at lines 1962--1962
[]\TU/lmtt/m/n/10 ##             101) PriceCH>=1.94 17   6 MM (0.35294118 0.647
05882) *[] 
 []


Overfull \hbox (48.75pt too wide) in paragraph at lines 1962--1962
[]\TU/lmtt/m/n/10 ##            51) WeekofPurchase< 246.5 12   3 MM (0.25000000
 0.75000000) *[] 
 []


Overfull \hbox (1.5pt too wide) in paragraph at lines 1962--1962
[]\TU/lmtt/m/n/10 ##          26) SpecialCH>=0.5 14   6 CH (0.57142857 0.428571
43) *[] 
 []


Overfull \hbox (1.5pt too wide) in paragraph at lines 1962--1962
[]\TU/lmtt/m/n/10 ##          27) SpecialCH< 0.5 61  10 MM (0.16393443 0.836065
57) *[] 
 []


Overfull \hbox (1.5pt too wide) in paragraph at lines 1962--1962
[]\TU/lmtt/m/n/10 ##        14) LoyalCH>=0.035047 117  21 MM (0.17948718 0.8205
1282)[] 
 []


Overfull \hbox (33.0pt too wide) in paragraph at lines 1962--1962
[]\TU/lmtt/m/n/10 ##          28) WeekofPurchase< 273.5 104  21 MM (0.20192308 
0.79807692)[] 
 []


Overfull \hbox (1.5pt too wide) in paragraph at lines 1962--1962
[]\TU/lmtt/m/n/10 ##            56) PriceCH>=1.875 20   9 MM (0.45000000 0.5500
0000)[] 
 []


Overfull \hbox (59.25pt too wide) in paragraph at lines 1962--1962
[]\TU/lmtt/m/n/10 ##             112) WeekofPurchase>=252.5 12   5 CH (0.583333
33 0.41666667) *[] 
 []


Overfull \hbox (54.0pt too wide) in paragraph at lines 1962--1962
[]\TU/lmtt/m/n/10 ##             113) WeekofPurchase< 252.5 8   2 MM (0.2500000
0 0.75000000) *[] 
 []


Overfull \hbox (12.0pt too wide) in paragraph at lines 1962--1962
[]\TU/lmtt/m/n/10 ##            57) PriceCH< 1.875 84  12 MM (0.14285714 0.8571
4286) *[] 
 []


Overfull \hbox (38.25pt too wide) in paragraph at lines 1962--1962
[]\TU/lmtt/m/n/10 ##          29) WeekofPurchase>=273.5 13   0 MM (0.00000000 1
.00000000) *[] 
 []


Overfull \hbox (6.75pt too wide) in paragraph at lines 1962--1962
[]\TU/lmtt/m/n/10 ##        15) LoyalCH< 0.035047 57   1 MM (0.01754386 0.98245
614) *[] 
 []

[68]
File: data-sci_files/figure-latex/unnamed-chunk-57-1.pdf Graphic file (type pdf
)
<use data-sci_files/figure-latex/unnamed-chunk-57-1.pdf>
File: data-sci_files/figure-latex/unnamed-chunk-58-1.pdf Graphic file (type pdf
)
<use data-sci_files/figure-latex/unnamed-chunk-58-1.pdf>

Underfull \vbox (badness 10000) has occurred while \output is active []

[69]
Overfull \hbox (59.25pt too wide) in paragraph at lines 2009--2009
[]\TU/lmtt/m/n/10 ##        LoyalCH      PriceDiff    SalePriceMM        StoreI
D WeekofPurchase[] 
 []


Overfull \hbox (59.25pt too wide) in paragraph at lines 2009--2009
[]\TU/lmtt/m/n/10 ##     150.237336      20.843067      11.567443       9.96541
9       8.386282[] 
 []


Overfull \hbox (59.25pt too wide) in paragraph at lines 2009--2009
[]\TU/lmtt/m/n/10 ##         DiscMM        PriceMM      PctDiscMM        PriceC
H    SalePriceCH[] 
 []


Overfull \hbox (59.25pt too wide) in paragraph at lines 2009--2009
[]\TU/lmtt/m/n/10 ##       7.081470       7.065493       6.252920       3.05559
4       1.042153[] 
 []

[70]
File: data-sci_files/figure-latex/unnamed-chunk-60-1.pdf Graphic file (type pdf
)
<use data-sci_files/figure-latex/unnamed-chunk-60-1.pdf>

Overfull \hbox (6.75pt too wide) in paragraph at lines 2127--2127
[]\TU/lmtt/m/n/10 ## rpart(formula = Purchase ~ ., data = oj_train, method = "c
lass",[] 
 []

[71]
Overfull \hbox (59.25pt too wide) in paragraph at lines 2127--2127
[]\TU/lmtt/m/n/10 ##        LoyalCH      PriceDiff    SalePriceMM        StoreI
D WeekofPurchase[] 
 []


Overfull \hbox (59.25pt too wide) in paragraph at lines 2127--2127
[]\TU/lmtt/m/n/10 ##             67              9              5              
4              4[] 
 []


Overfull \hbox (69.75pt too wide) in paragraph at lines 2127--2127
[]\TU/lmtt/m/n/10 ##       LoyalCH       < 0.48285   to the right, improve=132.
56800, (0 missing)[] 
 []


Overfull \hbox (69.75pt too wide) in paragraph at lines 2127--2127
[]\TU/lmtt/m/n/10 ##       StoreID       < 3.5       to the right, improve= 40.
12097, (0 missing)[] 
 []


Overfull \hbox (69.75pt too wide) in paragraph at lines 2127--2127
[]\TU/lmtt/m/n/10 ##       PriceDiff     < 0.015     to the right, improve= 24.
26552, (0 missing)[] 
 []


Overfull \hbox (69.75pt too wide) in paragraph at lines 2127--2127
[]\TU/lmtt/m/n/10 ##       ListPriceDiff < 0.255     to the right, improve= 22.
79117, (0 missing)[] 
 []


Overfull \hbox (69.75pt too wide) in paragraph at lines 2127--2127
[]\TU/lmtt/m/n/10 ##       SalePriceMM   < 1.84      to the right, improve= 20.
16447, (0 missing)[] 
 []


Overfull \hbox (90.75pt too wide) in paragraph at lines 2127--2127
[]\TU/lmtt/m/n/10 ##       StoreID        < 3.5       to the right, agree=0.646
, adj=0.053, (0 split)[] 
 []


Overfull \hbox (90.75pt too wide) in paragraph at lines 2127--2127
[]\TU/lmtt/m/n/10 ##       PriceMM        < 1.89      to the right, agree=0.638
, adj=0.031, (0 split)[] 
 []


Overfull \hbox (90.75pt too wide) in paragraph at lines 2127--2127
[]\TU/lmtt/m/n/10 ##       WeekofPurchase < 229.5     to the right, agree=0.632
, adj=0.016, (0 split)[] 
 []


Overfull \hbox (90.75pt too wide) in paragraph at lines 2127--2127
[]\TU/lmtt/m/n/10 ##       DiscMM         < 0.77      to the left,  agree=0.629
, adj=0.006, (0 split)[] 
 []


Overfull \hbox (90.75pt too wide) in paragraph at lines 2127--2127
[]\TU/lmtt/m/n/10 ##       SalePriceMM    < 1.385     to the right, agree=0.629
, adj=0.006, (0 split)[] 
 []


Overfull \hbox (1.5pt too wide) in paragraph at lines 2127--2127
[]\TU/lmtt/m/n/10 ## Node number 2: 537 observations,    complexity param=0.032
93413[] 
 []


Overfull \hbox (12.0pt too wide) in paragraph at lines 2127--2127
[]\TU/lmtt/m/n/10 ##   predicted class=CH  expected loss=0.1750466  P(node) =0.
6266044[] 
 []


Overfull \hbox (69.75pt too wide) in paragraph at lines 2127--2127
[]\TU/lmtt/m/n/10 ##       LoyalCH       < 0.7648795 to the right, improve=17.6
69310, (0 missing)[] 
 []


Overfull \hbox (69.75pt too wide) in paragraph at lines 2127--2127
[]\TU/lmtt/m/n/10 ##       PriceDiff     < 0.015     to the right, improve=15.4
75200, (0 missing)[] 
 []


Overfull \hbox (69.75pt too wide) in paragraph at lines 2127--2127
[]\TU/lmtt/m/n/10 ##       SalePriceMM   < 1.84      to the right, improve=13.9
51730, (0 missing)[] 
 []


Overfull \hbox (69.75pt too wide) in paragraph at lines 2127--2127
[]\TU/lmtt/m/n/10 ##       ListPriceDiff < 0.255     to the right, improve=11.4
07560, (0 missing)[] 
 []


Overfull \hbox (69.75pt too wide) in paragraph at lines 2127--2127
[]\TU/lmtt/m/n/10 ##       DiscMM        < 0.15      to the left,  improve= 7.7
95122, (0 missing)[] 
 []


Overfull \hbox (90.75pt too wide) in paragraph at lines 2127--2127
[]\TU/lmtt/m/n/10 ##       WeekofPurchase < 257.5     to the right, agree=0.594
, adj=0.180, (0 split)[] 
 []


Overfull \hbox (90.75pt too wide) in paragraph at lines 2127--2127
[]\TU/lmtt/m/n/10 ##       PriceCH        < 1.775     to the right, agree=0.590
, adj=0.173, (0 split)[] 
 []


Overfull \hbox (90.75pt too wide) in paragraph at lines 2127--2127
[]\TU/lmtt/m/n/10 ##       StoreID        < 3.5       to the right, agree=0.587
, adj=0.165, (0 split)[] 
 []


Overfull \hbox (90.75pt too wide) in paragraph at lines 2127--2127
[]\TU/lmtt/m/n/10 ##       PriceMM        < 2.04      to the right, agree=0.587
, adj=0.165, (0 split)[] 
 []


Overfull \hbox (90.75pt too wide) in paragraph at lines 2127--2127
[]\TU/lmtt/m/n/10 ##       SalePriceMM    < 2.04      to the right, agree=0.587
, adj=0.165, (0 split)[] 
 []

[72]
Overfull \hbox (17.25pt too wide) in paragraph at lines 2127--2127
[]\TU/lmtt/m/n/10 ##   predicted class=CH  expected loss=0.04797048  P(node) =0
.3162194[] 
 []


Overfull \hbox (1.5pt too wide) in paragraph at lines 2127--2127
[]\TU/lmtt/m/n/10 ## Node number 5: 266 observations,    complexity param=0.032
93413[] 
 []


Overfull \hbox (12.0pt too wide) in paragraph at lines 2127--2127
[]\TU/lmtt/m/n/10 ##   predicted class=CH  expected loss=0.3045113  P(node) =0.
3103851[] 
 []


Overfull \hbox (64.5pt too wide) in paragraph at lines 2127--2127
[]\TU/lmtt/m/n/10 ##       PriceDiff     < -0.165    to the right, improve=20.8
4307, (0 missing)[] 
 []


Overfull \hbox (64.5pt too wide) in paragraph at lines 2127--2127
[]\TU/lmtt/m/n/10 ##       ListPriceDiff < 0.235     to the right, improve=20.8
2404, (0 missing)[] 
 []


Overfull \hbox (64.5pt too wide) in paragraph at lines 2127--2127
[]\TU/lmtt/m/n/10 ##       SalePriceMM   < 1.84      to the right, improve=16.8
0587, (0 missing)[] 
 []


Overfull \hbox (64.5pt too wide) in paragraph at lines 2127--2127
[]\TU/lmtt/m/n/10 ##       DiscMM        < 0.15      to the left,  improve=10.0
5120, (0 missing)[] 
 []


Overfull \hbox (64.5pt too wide) in paragraph at lines 2127--2127
[]\TU/lmtt/m/n/10 ##       PctDiscMM     < 0.0729725 to the left,  improve=10.0
5120, (0 missing)[] 
 []


Overfull \hbox (90.75pt too wide) in paragraph at lines 2127--2127
[]\TU/lmtt/m/n/10 ##       SalePriceMM    < 1.585     to the right, agree=0.906
, adj=0.375, (0 split)[] 
 []


Overfull \hbox (90.75pt too wide) in paragraph at lines 2127--2127
[]\TU/lmtt/m/n/10 ##       DiscMM         < 0.57      to the left,  agree=0.895
, adj=0.300, (0 split)[] 
 []


Overfull \hbox (90.75pt too wide) in paragraph at lines 2127--2127
[]\TU/lmtt/m/n/10 ##       PctDiscMM      < 0.264375  to the left,  agree=0.895
, adj=0.300, (0 split)[] 
 []


Overfull \hbox (90.75pt too wide) in paragraph at lines 2127--2127
[]\TU/lmtt/m/n/10 ##       WeekofPurchase < 274.5     to the left,  agree=0.872
, adj=0.150, (0 split)[] 
 []


Overfull \hbox (90.75pt too wide) in paragraph at lines 2127--2127
[]\TU/lmtt/m/n/10 ##       SalePriceCH    < 2.075     to the left,  agree=0.857
, adj=0.050, (0 split)[] 
 []


Overfull \hbox (12.0pt too wide) in paragraph at lines 2127--2127
[]\TU/lmtt/m/n/10 ##   predicted class=CH  expected loss=0.2212389  P(node) =0.
2637106[] 
 []

[73]
Overfull \hbox (27.75pt too wide) in paragraph at lines 2201--2201
[]\TU/lmtt/m/n/10 ## number of successes = 183, number of trials = 213, p-value
 < 2.2e-16[] 
 []

[74]
Overfull \hbox (43.5pt too wide) in paragraph at lines 2201--2201
[]\TU/lmtt/m/n/10 ## alternative hypothesis: true probability of success is not
 equal to 0.5[] 
 []


Overfull \hbox (38.25pt too wide) in paragraph at lines 2223--2223
[]\TU/lmtt/m/n/10 ## number of successes = 183, number of trials = 213, p-value
 = 1.265e-15[] 
 []


Overfull \hbox (75.0pt too wide) in paragraph at lines 2223--2223
[]\TU/lmtt/m/n/10 ## alternative hypothesis: true probability of success is gre
ater than 0.6103286[] 
 []

[75]
File: data-sci_files/figure-latex/unnamed-chunk-67-1.pdf Graphic file (type pdf
)
<use data-sci_files/figure-latex/unnamed-chunk-67-1.pdf>
[76]
Overfull \hbox (59.25pt too wide) in paragraph at lines 2279--2279
[]\TU/lmtt/m/n/10 ##       Accuracy          Kappa  AccuracyLower  AccuracyUppe
r   AccuracyNull[] 
 []


Overfull \hbox (59.25pt too wide) in paragraph at lines 2279--2279
[]\TU/lmtt/m/n/10 ##   8.226371e-01   6.323113e-01   7.953840e-01   8.476497e-0
1   6.102684e-01[] 
 []

File: data-sci_files/figure-latex/unnamed-chunk-69-1.pdf Graphic file (type pdf
)
<use data-sci_files/figure-latex/unnamed-chunk-69-1.pdf>

Underfull \vbox (badness 10000) has occurred while \output is active []

[77]
File: data-sci_files/figure-latex/unnamed-chunk-70-1.pdf Graphic file (type pdf
)
<use data-sci_files/figure-latex/unnamed-chunk-70-1.pdf>

Underfull \vbox (badness 10000) has occurred while \output is active []

[78]
Underfull \hbox (badness 10000) in paragraph at lines 2325--2327

 []

[79] [80]
Overfull \hbox (38.25pt too wide) in paragraph at lines 2412--2412
[]\TU/lmtt/m/n/10 ## Accuracy was used to select the optimal model using the la
rgest value.[] 
 []

[81]
Overfull \hbox (38.25pt too wide) in paragraph at lines 2458--2458
[]\TU/lmtt/m/n/10 ## Accuracy was used to select the optimal model using the la
rgest value.[] 
 []


Overfull \hbox (6.75pt too wide) in paragraph at lines 2491--2491
[]\TU/lmtt/m/n/10 ##       4) LoyalCH>=0.7648795 271  13 CH (0.95202952 0.04797
048) *[] 
 []


Overfull \hbox (12.0pt too wide) in paragraph at lines 2491--2491
[]\TU/lmtt/m/n/10 ##        10) PriceDiff>=-0.165 226  50 CH (0.77876106 0.2212
3894) *[] 
 []


Overfull \hbox (6.75pt too wide) in paragraph at lines 2491--2491
[]\TU/lmtt/m/n/10 ##        11) PriceDiff< -0.165 40   9 MM (0.22500000 0.77500
000) *[] 
 []


Overfull \hbox (12.0pt too wide) in paragraph at lines 2491--2491
[]\TU/lmtt/m/n/10 ##          24) LoyalCH< 0.303104 7   0 CH (1.00000000 0.0000
0000) *[] 
 []


Overfull \hbox (6.75pt too wide) in paragraph at lines 2491--2491
[]\TU/lmtt/m/n/10 ##          25) LoyalCH>=0.303104 64  31 CH (0.51562500 0.484
37500)[] 
 []


Overfull \hbox (38.25pt too wide) in paragraph at lines 2491--2491
[]\TU/lmtt/m/n/10 ##            50) WeekofPurchase>=246.5 52  22 CH (0.57692308
 0.42307692)[] 
 []


Overfull \hbox (17.25pt too wide) in paragraph at lines 2491--2491
[]\TU/lmtt/m/n/10 ##             100) PriceCH< 1.94 35  11 CH (0.68571429 0.314
28571) *[] 
 []


Overfull \hbox (17.25pt too wide) in paragraph at lines 2491--2491
[]\TU/lmtt/m/n/10 ##             101) PriceCH>=1.94 17   6 MM (0.35294118 0.647
05882) *[] 
 []


Overfull \hbox (48.75pt too wide) in paragraph at lines 2491--2491
[]\TU/lmtt/m/n/10 ##            51) WeekofPurchase< 246.5 12   3 MM (0.25000000
 0.75000000) *[] 
 []


Overfull \hbox (6.75pt too wide) in paragraph at lines 2491--2491
[]\TU/lmtt/m/n/10 ##        13) SalePriceMM< 2.04 75  18 MM (0.24000000 0.76000
000) *[] 
 []


Overfull \hbox (6.75pt too wide) in paragraph at lines 2491--2491
[]\TU/lmtt/m/n/10 ##       7) LoyalCH< 0.2761415 174  22 MM (0.12643678 0.87356
322) *[] 
 []

[82]
File: data-sci_files/figure-latex/unnamed-chunk-76-1.pdf Graphic file (type pdf
)
<use data-sci_files/figure-latex/unnamed-chunk-76-1.pdf>

Overfull \hbox (64.5pt too wide) in paragraph at lines 2522--2522
[]\TU/lmtt/m/n/10 ## Warning in verify_d(data$d): D not labeled 0/1, assuming C
H = 0 and MM = 1![] 
 []

File: data-sci_files/figure-latex/unnamed-chunk-77-1.pdf Graphic file (type pdf
)
<use data-sci_files/figure-latex/unnamed-chunk-77-1.pdf>

Underfull \vbox (badness 1199) has occurred while \output is active []

[83]
File: data-sci_files/figure-latex/unnamed-chunk-78-1.pdf Graphic file (type pdf
)
<use data-sci_files/figure-latex/unnamed-chunk-78-1.pdf>
[84]
File: data-sci_files/figure-latex/unnamed-chunk-81-1.pdf Graphic file (type pdf
)
<use data-sci_files/figure-latex/unnamed-chunk-81-1.pdf>
[85]
File: data-sci_files/figure-latex/unnamed-chunk-82-1.pdf Graphic file (type pdf
)
<use data-sci_files/figure-latex/unnamed-chunk-82-1.pdf>
[86] [87] [88]
File: data-sci_files/figure-latex/unnamed-chunk-87-1.pdf Graphic file (type pdf
)
<use data-sci_files/figure-latex/unnamed-chunk-87-1.pdf>

Overfull \hbox (22.5pt too wide) in paragraph at lines 2758--2758
[]\TU/lmtt/m/n/10 ## rpart(formula = Sales ~ ., data = carseats_train, method =
 "anova",[] 
 []


Overfull \hbox (33.0pt too wide) in paragraph at lines 2758--2758
[]\TU/lmtt/m/n/10 ## [1] Advertising Age         CompPrice   Income      Popula
tion  Price[] 
 []

[89] [90]
Overfull \hbox (54.0pt too wide) in paragraph at lines 2811--2811
[]\TU/lmtt/m/n/10 ##            CP nsplit rel.error    xerror       xstd xerror
_cap       eval[] 
 []


Overfull \hbox (54.0pt too wide) in paragraph at lines 2811--2811
[]\TU/lmtt/m/n/10 ## 9  0.01544139      8 0.4071533 0.5806072 0.04173785  0.594
7744  under cap[] 
 []


Overfull \hbox (54.0pt too wide) in paragraph at lines 2811--2811
[]\TU/lmtt/m/n/10 ## 10 0.01469771      9 0.3917119 0.5641331 0.04136793  0.594
7744  under cap[] 
 []


Overfull \hbox (54.0pt too wide) in paragraph at lines 2811--2811
[]\TU/lmtt/m/n/10 ## 11 0.01464055     10 0.3770142 0.5627713 0.04127139  0.594
7744  under cap[] 
 []


Overfull \hbox (54.0pt too wide) in paragraph at lines 2811--2811
[]\TU/lmtt/m/n/10 ## 12 0.01423309     11 0.3623736 0.5608073 0.04109662  0.594
7744  under cap[] 
 []


Overfull \hbox (54.0pt too wide) in paragraph at lines 2811--2811
[]\TU/lmtt/m/n/10 ## 13 0.01401541     12 0.3481405 0.5564663 0.03830810  0.594
7744 min xerror[] 
 []


Overfull \hbox (54.0pt too wide) in paragraph at lines 2811--2811
[]\TU/lmtt/m/n/10 ## 14 0.01393771     13 0.3341251 0.5564663 0.03830810  0.594
7744  under cap[] 
 []


Overfull \hbox (54.0pt too wide) in paragraph at lines 2811--2811
[]\TU/lmtt/m/n/10 ## 15 0.01055959     14 0.3201874 0.5710951 0.03887227  0.594
7744  under cap[] 
 []


Overfull \hbox (54.0pt too wide) in paragraph at lines 2811--2811
[]\TU/lmtt/m/n/10 ## 16 0.01000000     15 0.3096278 0.5667561 0.03808991  0.594
7744  under cap[] 
 []

File: data-sci_files/figure-latex/unnamed-chunk-91-1.pdf Graphic file (type pdf
)
<use data-sci_files/figure-latex/unnamed-chunk-91-1.pdf>

Underfull \vbox (badness 10000) has occurred while \output is active []

[91]
File: data-sci_files/figure-latex/unnamed-chunk-92-1.pdf Graphic file (type pdf
)
<use data-sci_files/figure-latex/unnamed-chunk-92-1.pdf>

Underfull \vbox (badness 10000) has occurred while \output is active []

[92]
File: data-sci_files/figure-latex/unnamed-chunk-93-1.pdf Graphic file (type pdf
)
<use data-sci_files/figure-latex/unnamed-chunk-93-1.pdf>

Underfull \vbox (badness 10000) has occurred while \output is active []

[93] [94]
File: data-sci_files/figure-latex/unnamed-chunk-95-1.pdf Graphic file (type pdf
)
<use data-sci_files/figure-latex/unnamed-chunk-95-1.pdf>
[95]
Overfull \hbox (90.75pt too wide) in paragraph at lines 2931--2931
[]\TU/lmtt/m/n/10 ## Warning in nominalTrainWorkflow(x = x, y = y, wts = weight
s, info = trainInfo, :[] 
 []


Overfull \hbox (22.5pt too wide) in paragraph at lines 2959--2959
[]\TU/lmtt/m/n/10 ## RMSE was used to select the optimal model using the smalle
st value.[] 
 []

[96]
Overfull \hbox (22.5pt too wide) in paragraph at lines 3004--3004
[]\TU/lmtt/m/n/10 ## RMSE was used to select the optimal model using the smalle
st value.[] 
 []

File: data-sci_files/figure-latex/unnamed-chunk-99-1.pdf Graphic file (type pdf
)
<use data-sci_files/figure-latex/unnamed-chunk-99-1.pdf>

Underfull \vbox (badness 10000) has occurred while \output is active []

[97]
File: data-sci_files/figure-latex/unnamed-chunk-100-1.pdf Graphic file (type pd
f)
<use data-sci_files/figure-latex/unnamed-chunk-100-1.pdf>
[98]
File: data-sci_files/figure-latex/unnamed-chunk-101-1.pdf Graphic file (type pd
f)
<use data-sci_files/figure-latex/unnamed-chunk-101-1.pdf>
File: data-sci_files/figure-latex/unnamed-chunk-102-1.pdf Graphic file (type pd
f)
<use data-sci_files/figure-latex/unnamed-chunk-102-1.pdf>

Underfull \vbox (badness 10000) has occurred while \output is active []

[99] [100] [101]
File: data-sci_files/figure-latex/unnamed-chunk-105-1.pdf Graphic file (type pd
f)
<use data-sci_files/figure-latex/unnamed-chunk-105-1.pdf>

Underfull \vbox (badness 10000) has occurred while \output is active []

[102] [103]
File: data-sci_files/figure-latex/unnamed-chunk-105-2.pdf Graphic file (type pd
f)
<use data-sci_files/figure-latex/unnamed-chunk-105-2.pdf>
[104]
Overfull \hbox (17.25pt too wide) in paragraph at lines 3271--3271
[]\TU/lmtt/m/n/10 ## Tuning parameter []min.node.size[] was held constant at a 
value of 1[] 
 []


Overfull \hbox (12.0pt too wide) in paragraph at lines 3271--3271
[]\TU/lmtt/m/n/10 ## ROC was used to select the optimal model using the largest
 value.[] 
 []


Overfull \hbox (22.5pt too wide) in paragraph at lines 3271--3271
[]\TU/lmtt/m/n/10 ## The final values used for the model were mtry = 9, splitru
le = gini[] 
 []


Underfull \vbox (badness 1292) has occurred while \output is active []

[105]
File: data-sci_files/figure-latex/unnamed-chunk-106-1.pdf Graphic file (type pd
f)
<use data-sci_files/figure-latex/unnamed-chunk-106-1.pdf>
File: data-sci_files/figure-latex/unnamed-chunk-106-2.pdf Graphic file (type pd
f)
<use data-sci_files/figure-latex/unnamed-chunk-106-2.pdf>

Underfull \vbox (badness 10000) has occurred while \output is active []

[106] [107] [108]
File: data-sci_files/figure-latex/unnamed-chunk-108-1.pdf Graphic file (type pd
f)
<use data-sci_files/figure-latex/unnamed-chunk-108-1.pdf>

Underfull \vbox (badness 10000) has occurred while \output is active []

[109]
File: data-sci_files/figure-latex/unnamed-chunk-108-2.pdf Graphic file (type pd
f)
<use data-sci_files/figure-latex/unnamed-chunk-108-2.pdf>

Underfull \vbox (badness 10000) has occurred while \output is active []

[110] [111]
Overfull \hbox (17.25pt too wide) in paragraph at lines 3492--3492
[]\TU/lmtt/m/n/10 ## Tuning parameter []min.node.size[] was held constant at a 
value of 5[] 
 []


Overfull \hbox (22.5pt too wide) in paragraph at lines 3492--3492
[]\TU/lmtt/m/n/10 ## RMSE was used to select the optimal model using the smalle
st value.[] 
 []


Overfull \hbox (43.5pt too wide) in paragraph at lines 3492--3492
[]\TU/lmtt/m/n/10 ## The final values used for the model were mtry = 6, splitru
le = variance[] 
 []

File: data-sci_files/figure-latex/unnamed-chunk-109-1.pdf Graphic file (type pd
f)
<use data-sci_files/figure-latex/unnamed-chunk-109-1.pdf>

Underfull \vbox (badness 10000) has occurred while \output is active []

[112]
File: data-sci_files/figure-latex/unnamed-chunk-109-2.pdf Graphic file (type pd
f)
<use data-sci_files/figure-latex/unnamed-chunk-109-2.pdf>

Underfull \vbox (badness 10000) has occurred while \output is active []

[113] [114] [115] [116] [117] [118] [119] [120] [121] [122] [123] [124] [125] [
126] [127] [128] [129] [130] [131] [132] [133] [134] [135] [136] [137] [138] [1
39] [140] [141] [142] [143] [144]
Overfull \hbox (6.75pt too wide) in paragraph at lines 4923--4923
[]\TU/lmtt/m/n/10 ## Tuning parameter []shrinkage[] was held constant at a valu
e of 0.1[] 
 []


Overfull \hbox (27.75pt too wide) in paragraph at lines 4923--4923
[]\TU/lmtt/m/n/10 ## Tuning parameter []n.minobsinnode[] was held constant at a
 value of 10[] 
 []


Overfull \hbox (12.0pt too wide) in paragraph at lines 4923--4923
[]\TU/lmtt/m/n/10 ## ROC was used to select the optimal model using the largest
 value.[] 
 []


Overfull \hbox (59.25pt too wide) in paragraph at lines 4923--4923
[]\TU/lmtt/m/n/10 ## The final values used for the model were n.trees = 50, int
eraction.depth =[] 
 []

File: data-sci_files/figure-latex/unnamed-chunk-111-1.pdf Graphic file (type pd
f)
<use data-sci_files/figure-latex/unnamed-chunk-111-1.pdf>
File: data-sci_files/figure-latex/unnamed-chunk-111-2.pdf Graphic file (type pd
f)
<use data-sci_files/figure-latex/unnamed-chunk-111-2.pdf>

Underfull \vbox (badness 10000) has occurred while \output is active []

[145] [146] [147] [148] [149] [150] [151] [152] [153] [154] [155] [156] [157] [
158] [159] [160] [161] [162] [163] [164] [165] [166] [167] [168] [169] [170] [1
71] [172] [173] [174] [175]
Overfull \hbox (6.75pt too wide) in paragraph at lines 6351--6351
[]\TU/lmtt/m/n/10 ## Tuning parameter []shrinkage[] was held constant at a valu
e of 0.1[] 
 []


Overfull \hbox (27.75pt too wide) in paragraph at lines 6351--6351
[]\TU/lmtt/m/n/10 ## Tuning parameter []n.minobsinnode[] was held constant at a
 value of 10[] 
 []


Overfull \hbox (22.5pt too wide) in paragraph at lines 6351--6351
[]\TU/lmtt/m/n/10 ## RMSE was used to select the optimal model using the smalle
st value.[] 
 []


Overfull \hbox (64.5pt too wide) in paragraph at lines 6351--6351
[]\TU/lmtt/m/n/10 ## The final values used for the model were n.trees = 250, in
teraction.depth =[] 
 []

File: data-sci_files/figure-latex/unnamed-chunk-112-1.pdf Graphic file (type pd
f)
<use data-sci_files/figure-latex/unnamed-chunk-112-1.pdf>

Underfull \vbox (badness 10000) has occurred while \output is active []

[176]
File: data-sci_files/figure-latex/unnamed-chunk-112-2.pdf Graphic file (type pd
f)
<use data-sci_files/figure-latex/unnamed-chunk-112-2.pdf>

Underfull \vbox (badness 10000) has occurred while \output is active []

[177] [178] [179]
File: data-sci_files/figure-latex/unnamed-chunk-115-1.pdf Graphic file (type pd
f)
<use data-sci_files/figure-latex/unnamed-chunk-115-1.pdf>

Underfull \hbox (badness 2351) in paragraph at lines 6477--6478
\TU/lmr/m/n/10 ing”, Machine Learning Mastery. []$[][][][][] [] [] [] [][][][][
][][][][][][][][][][][][][][][][][] [] [][][] []
 []


Underfull \hbox (badness 4084) in paragraph at lines 6479--6480
\TU/lmr/m/n/10 gorithm for Machine Learning”, Machine Learning Mastery. []$[][]
[][][] []
 []


Underfull \hbox (badness 10000) in paragraph at lines 6479--6480
[] [] [][][][][][][][][][][][][][][][][][][][][][] [] [][][] [] [][][][][][] []
[] [][][][][][][][][][][][] [][] [][][][][][][][] [][] [][][][][][][][] [][]
 []

[180] [181] [182

]
Chapter 10.
[183] [184] [185]
File: data-sci_files/figure-latex/unnamed-chunk-117-1.pdf Graphic file (type pd
f)
<use data-sci_files/figure-latex/unnamed-chunk-117-1.pdf>
[186]
File: data-sci_files/figure-latex/unnamed-chunk-118-1.pdf Graphic file (type pd
f)
<use data-sci_files/figure-latex/unnamed-chunk-118-1.pdf>

Overfull \hbox (117.0pt too wide) in paragraph at lines 6666--6666
[]\TU/lmtt/m/n/10 ## svm(formula = y ~ ., data = train_data, kernel = "linear",
 type = "C-classification",[] 
 []

[187]
File: data-sci_files/figure-latex/unnamed-chunk-121-1.pdf Graphic file (type pd
f)
<use data-sci_files/figure-latex/unnamed-chunk-121-1.pdf>

Underfull \vbox (badness 10000) has occurred while \output is active []

[188] [189]
Overfull \hbox (138.0pt too wide) in paragraph at lines 6757--6757
[]\TU/lmtt/m/n/10 ## best.tune(method = svm, train.x = y ~ ., data = train_data
, ranges = list(cost = c(0.001,[] 
 []

[190]
File: data-sci_files/figure-latex/unnamed-chunk-124-1.pdf Graphic file (type pd
f)
<use data-sci_files/figure-latex/unnamed-chunk-124-1.pdf>
File: data-sci_files/figure-latex/unnamed-chunk-125-1.pdf Graphic file (type pd
f)
<use data-sci_files/figure-latex/unnamed-chunk-125-1.pdf>

Underfull \vbox (badness 10000) has occurred while \output is active []

[191]
File: data-sci_files/figure-latex/unnamed-chunk-126-1.pdf Graphic file (type pd
f)
<use data-sci_files/figure-latex/unnamed-chunk-126-1.pdf>

Underfull \vbox (badness 10000) has occurred while \output is active []

[192]
Overfull \hbox (59.25pt too wide) in paragraph at lines 6830--6830
[]\TU/lmtt/m/n/10 ## svm(formula = y ~ ., data = train_data_2, kernel = "linear
", cost = 1e+05,[] 
 []

[193] [194]
Overfull \hbox (138.0pt too wide) in paragraph at lines 6920--6920
[]\TU/lmtt/m/n/10 ## best.tune(method = svm, train.x = y ~ ., data = train_data
, ranges = list(cost = c(0.001,[] 
 []


Overfull \hbox (64.5pt too wide) in paragraph at lines 6920--6920
[]\TU/lmtt/m/n/10 ##     0.01, 0.1, 1, 5, 10, 100), degree = c(1, 2, 3)), kerne
l = "polynomial")[] 
 []

File: data-sci_files/figure-latex/unnamed-chunk-129-1.pdf Graphic file (type pd
f)
<use data-sci_files/figure-latex/unnamed-chunk-129-1.pdf>

Underfull \vbox (badness 5832) has occurred while \output is active []

[195] [196]
File: data-sci_files/figure-latex/unnamed-chunk-131-1.pdf Graphic file (type pd
f)
<use data-sci_files/figure-latex/unnamed-chunk-131-1.pdf>
[197] [198

]
Chapter 11.
[199] [200

]
Chapter 12.
[201] [202

]
Chapter 13.
[203] [204

] [205]
File: ./images/create_pkg.png Graphic file (type bmp)
<./images/create_pkg.png>

Overfull \hbox (227.25pt too wide) in paragraph at lines 7041--7041
[]\TU/lmtt/m/n/10 + NAMESPACE file: information about imported functions and fu
nctions made available (managed by **roxygen2**)[] 
 []

[206]
Overfull \hbox (33.53pt too wide) in paragraph at lines 7094--7095
[]\TU/lmr/m/n/10 Since my project directory is \TU/lmtt/m/n/10 C:\Users\mpfol\O
neDrive\Documents\GitHub\mfstylr\TU/lmr/m/n/10 ,
 []


Overfull \hbox (135.43001pt too wide) in paragraph at lines 7094--7095
\TU/lmtt/m/n/10 use_rmarkdown_template() \TU/lmr/m/n/10 creates subdirectories 
\TU/lmtt/m/n/10 .\inst\rmarkdown\templates\kaggle_report\skeleton
 []


Overfull \hbox (5.5pt too wide) in paragraph at lines 7101--7102
[]\TU/lmtt/m/n/10 .\inst\rmarkdown\templates\kaggle_report\skeleton\skeleton.Rm
d 
 []

[207] (./data-sci.bbl [208])
Package atveryend Info: Empty hook `BeforeClearDocument' on input line 7117.
[209

]
Package atveryend Info: Empty hook `AfterLastShipout' on input line 7117.
(./data-sci.aux)
Package atveryend Info: Empty hook `AtVeryEndDocument' on input line 7117.
Package atveryend Info: Executing hook `AtEndAfterFileList' on input line 7117.

Package rerunfilecheck Info: File `data-sci.out' has not changed.
(rerunfilecheck)             Checksum: 0D92A076FF6F73BE5506F722AAAF70B4;4929.
Package atveryend Info: Empty hook `AtVeryVeryEnd' on input line 7117.
 ) 
Here is how much of TeX's memory you used:
 17868 strings out of 481804
 327833 string characters out of 5936143
 784741 words of memory out of 5000000
 34546 multiletter control sequences out of 15000+600000
 538829 words of font info for 82 fonts, out of 8000000 for 9000
 14 hyphenation exceptions out of 8191
 52i,7n,115p,902b,459s stack positions out of 5000i,500n,10000p,200000b,80000s

Output written on data-sci.pdf (209 pages).
